{"/Users/sth1pal/Documents/Development/JavaScript/nodejs/ts6/dev/hsLibs/mithril/hsWidget/src/Button.ts": {"path":"/Users/sth1pal/Documents/Development/JavaScript/nodejs/ts6/dev/hsLibs/mithril/hsWidget/src/Button.ts","statementMap":{"0":{"start":{"line":33,"column":0},"end":{"line":33,"column":45}},"1":{"start":{"line":50,"column":8},"end":{"line":50,"column":67}},"2":{"start":{"line":51,"column":8},"end":{"line":51,"column":27}},"3":{"start":{"line":52,"column":8},"end":{"line":52,"column":42}},"4":{"start":{"line":48,"column":0},"end":{"line":54,"column":1}}},"fnMap":{"0":{"name":"(anonymous_0)","decl":{"start":{"line":49,"column":4},"end":{"line":49,"column":9}},"loc":{"start":{"line":49,"column":22},"end":{"line":53,"column":5}}}},"branchMap":{"0":{"loc":{"start":{"line":50,"column":33},"end":{"line":50,"column":53}},"type":"binary-expr","locations":[{"start":{"line":50,"column":33},"end":{"line":50,"column":53}},{"start":{"line":50,"column":57},"end":{"line":50,"column":65}}]}},"s":{"0":10,"1":2,"2":2,"3":2,"4":10},"f":{"0":2},"b":{"0":[2,1]}}
,"/Users/sth1pal/Documents/Development/JavaScript/nodejs/ts6/dev/hsLibs/mithril/hsWidget/src/Collapsible.ts": {"path":"/Users/sth1pal/Documents/Development/JavaScript/nodejs/ts6/dev/hsLibs/mithril/hsWidget/src/Collapsible.ts","statementMap":{"0":{"start":{"line":50,"column":0},"end":{"line":50,"column":35}},"1":{"start":{"line":54,"column":8},"end":{"line":61,"column":10}},"2":{"start":{"line":58,"column":16},"end":{"line":58,"column":59}},"3":{"start":{"line":59,"column":16},"end":{"line":59,"column":43}},"4":{"start":{"line":64,"column":27},"end":{"line":64,"column":41}},"5":{"start":{"line":65,"column":27},"end":{"line":65,"column":48}},"6":{"start":{"line":66,"column":27},"end":{"line":66,"column":46}},"7":{"start":{"line":67,"column":27},"end":{"line":67,"column":47}},"8":{"start":{"line":68,"column":8},"end":{"line":70,"column":9}},"9":{"start":{"line":69,"column":12},"end":{"line":69,"column":56}},"10":{"start":{"line":71,"column":23},"end":{"line":71,"column":71}},"11":{"start":{"line":72,"column":8},"end":{"line":79,"column":11}},"12":{"start":{"line":78,"column":94},"end":{"line":78,"column":101}},"13":{"start":{"line":52,"column":0},"end":{"line":81,"column":1}}},"fnMap":{"0":{"name":"(anonymous_0)","decl":{"start":{"line":53,"column":4},"end":{"line":53,"column":9}},"loc":{"start":{"line":53,"column":21},"end":{"line":62,"column":5}}},"1":{"name":"(anonymous_1)","decl":{"start":{"line":57,"column":20},"end":{"line":57,"column":22}},"loc":{"start":{"line":57,"column":25},"end":{"line":60,"column":13}}},"2":{"name":"(anonymous_2)","decl":{"start":{"line":63,"column":4},"end":{"line":63,"column":7}},"loc":{"start":{"line":63,"column":19},"end":{"line":80,"column":5}}},"3":{"name":"(anonymous_3)","decl":{"start":{"line":78,"column":84},"end":{"line":78,"column":85}},"loc":{"start":{"line":78,"column":94},"end":{"line":78,"column":101}}}},"branchMap":{"0":{"loc":{"start":{"line":68,"column":8},"end":{"line":70,"column":9}},"type":"if","locations":[{"start":{"line":68,"column":8},"end":{"line":70,"column":9}},{"start":{"line":68,"column":8},"end":{"line":70,"column":9}}]},"1":{"loc":{"start":{"line":68,"column":12},"end":{"line":68,"column":30}},"type":"binary-expr","locations":[{"start":{"line":68,"column":12},"end":{"line":68,"column":30}},{"start":{"line":68,"column":34},"end":{"line":68,"column":67}}]},"2":{"loc":{"start":{"line":71,"column":43},"end":{"line":71,"column":68}},"type":"cond-expr","locations":[{"start":{"line":71,"column":43},"end":{"line":71,"column":68}},{"start":{"line":71,"column":69},"end":{"line":71,"column":71}}]},"3":{"loc":{"start":{"line":74,"column":27},"end":{"line":74,"column":32}},"type":"cond-expr","locations":[{"start":{"line":74,"column":27},"end":{"line":74,"column":32}},{"start":{"line":74,"column":35},"end":{"line":74,"column":121}}]},"4":{"loc":{"start":{"line":74,"column":102},"end":{"line":74,"column":108}},"type":"cond-expr","locations":[{"start":{"line":74,"column":102},"end":{"line":74,"column":108}},{"start":{"line":74,"column":111},"end":{"line":74,"column":118}}]},"5":{"loc":{"start":{"line":76,"column":28},"end":{"line":76,"column":33}},"type":"cond-expr","locations":[{"start":{"line":76,"column":28},"end":{"line":76,"column":33}},{"start":{"line":76,"column":36},"end":{"line":76,"column":122}}]},"6":{"loc":{"start":{"line":76,"column":104},"end":{"line":76,"column":110}},"type":"cond-expr","locations":[{"start":{"line":76,"column":104},"end":{"line":76,"column":110}},{"start":{"line":76,"column":113},"end":{"line":76,"column":119}}]},"7":{"loc":{"start":{"line":78,"column":27},"end":{"line":78,"column":103}},"type":"cond-expr","locations":[{"start":{"line":78,"column":27},"end":{"line":78,"column":103}},{"start":{"line":78,"column":106},"end":{"line":78,"column":115}}]}},"s":{"0":10,"1":2,"2":1,"3":1,"4":3,"5":3,"6":3,"7":3,"8":3,"9":2,"10":3,"11":3,"12":9,"13":10},"f":{"0":2,"1":1,"2":3,"3":9},"b":{"0":[2,1],"1":[3,2],"2":[1,2],"3":[2,1],"4":[0,1],"5":[2,1],"6":[0,1],"7":[3,0]}}
,"/Users/sth1pal/Documents/Development/JavaScript/nodejs/ts6/dev/hsLibs/mithril/hsWidget/src/Label.ts": {"path":"/Users/sth1pal/Documents/Development/JavaScript/nodejs/ts6/dev/hsLibs/mithril/hsWidget/src/Label.ts","statementMap":{"0":{"start":{"line":33,"column":0},"end":{"line":33,"column":39}},"1":{"start":{"line":47,"column":20},"end":{"line":47,"column":40}},"2":{"start":{"line":48,"column":22},"end":{"line":48,"column":44}},"3":{"start":{"line":49,"column":22},"end":{"line":49,"column":54}},"4":{"start":{"line":50,"column":8},"end":{"line":50,"column":69}},"5":{"start":{"line":45,"column":0},"end":{"line":52,"column":1}}},"fnMap":{"0":{"name":"(anonymous_0)","decl":{"start":{"line":46,"column":4},"end":{"line":46,"column":7}},"loc":{"start":{"line":46,"column":20},"end":{"line":51,"column":5}}}},"branchMap":{"0":{"loc":{"start":{"line":47,"column":20},"end":{"line":47,"column":34}},"type":"binary-expr","locations":[{"start":{"line":47,"column":20},"end":{"line":47,"column":34}},{"start":{"line":47,"column":38},"end":{"line":47,"column":40}}]},"1":{"loc":{"start":{"line":48,"column":22},"end":{"line":48,"column":38}},"type":"binary-expr","locations":[{"start":{"line":48,"column":22},"end":{"line":48,"column":38}},{"start":{"line":48,"column":42},"end":{"line":48,"column":44}}]},"2":{"loc":{"start":{"line":49,"column":22},"end":{"line":49,"column":37}},"type":"binary-expr","locations":[{"start":{"line":49,"column":22},"end":{"line":49,"column":37}},{"start":{"line":49,"column":41},"end":{"line":49,"column":54}}]}},"s":{"0":10,"1":2,"2":2,"3":2,"4":2,"5":10},"f":{"0":2},"b":{"0":[2,1],"1":[2,1],"2":[2,1]}}
,"/Users/sth1pal/Documents/Development/JavaScript/nodejs/ts6/dev/hsLibs/mithril/hsWidget/src/Menu.ts": {"path":"/Users/sth1pal/Documents/Development/JavaScript/nodejs/ts6/dev/hsLibs/mithril/hsWidget/src/Menu.ts","statementMap":{"0":{"start":{"line":57,"column":0},"end":{"line":57,"column":44}},"1":{"start":{"line":64,"column":31},"end":{"line":64,"column":78}},"2":{"start":{"line":63,"column":0},"end":{"line":65,"column":1}}},"fnMap":{"0":{"name":"(anonymous_0)","decl":{"start":{"line":64,"column":4},"end":{"line":64,"column":7}},"loc":{"start":{"line":64,"column":20},"end":{"line":64,"column":80}}}},"branchMap":{},"s":{"0":11,"1":5,"2":11},"f":{"0":5},"b":{}}
,"/Users/sth1pal/Documents/Development/JavaScript/nodejs/ts6/dev/hsLibs/mithril/hsWidget/src/Modal.ts": {"path":"/Users/sth1pal/Documents/Development/JavaScript/nodejs/ts6/dev/hsLibs/mithril/hsWidget/src/Modal.ts","statementMap":{"0":{"start":{"line":37,"column":0},"end":{"line":37,"column":35}},"1":{"start":{"line":38,"column":0},"end":{"line":38,"column":47}},"2":{"start":{"line":42,"column":8},"end":{"line":42,"column":55}},"3":{"start":{"line":43,"column":8},"end":{"line":43,"column":37}},"4":{"start":{"line":46,"column":24},"end":{"line":49,"column":9}},"5":{"start":{"line":47,"column":12},"end":{"line":47,"column":40}},"6":{"start":{"line":48,"column":12},"end":{"line":48,"column":23}},"7":{"start":{"line":50,"column":24},"end":{"line":53,"column":9}},"8":{"start":{"line":51,"column":12},"end":{"line":51,"column":41}},"9":{"start":{"line":52,"column":12},"end":{"line":52,"column":61}},"10":{"start":{"line":52,"column":38},"end":{"line":52,"column":59}},"11":{"start":{"line":54,"column":18},"end":{"line":54,"column":45}},"12":{"start":{"line":55,"column":18},"end":{"line":55,"column":45}},"13":{"start":{"line":56,"column":22},"end":{"line":56,"column":58}},"14":{"start":{"line":57,"column":8},"end":{"line":58,"column":88}},"15":{"start":{"line":57,"column":37},"end":{"line":57,"column":68}},"16":{"start":{"line":58,"column":15},"end":{"line":58,"column":86}},"17":{"start":{"line":59,"column":8},"end":{"line":65,"column":11}},"18":{"start":{"line":40,"column":0},"end":{"line":67,"column":1}}},"fnMap":{"0":{"name":"(anonymous_0)","decl":{"start":{"line":41,"column":4},"end":{"line":41,"column":9}},"loc":{"start":{"line":41,"column":21},"end":{"line":44,"column":5}}},"1":{"name":"(anonymous_1)","decl":{"start":{"line":45,"column":4},"end":{"line":45,"column":7}},"loc":{"start":{"line":45,"column":19},"end":{"line":66,"column":5}}},"2":{"name":"(anonymous_2)","decl":{"start":{"line":46,"column":24},"end":{"line":46,"column":26}},"loc":{"start":{"line":46,"column":29},"end":{"line":49,"column":9}}},"3":{"name":"(anonymous_3)","decl":{"start":{"line":50,"column":24},"end":{"line":50,"column":26}},"loc":{"start":{"line":50,"column":29},"end":{"line":53,"column":9}}}},"branchMap":{"0":{"loc":{"start":{"line":52,"column":12},"end":{"line":52,"column":61}},"type":"if","locations":[{"start":{"line":52,"column":12},"end":{"line":52,"column":61}},{"start":{"line":52,"column":12},"end":{"line":52,"column":61}}]},"1":{"loc":{"start":{"line":54,"column":18},"end":{"line":54,"column":34}},"type":"binary-expr","locations":[{"start":{"line":54,"column":18},"end":{"line":54,"column":34}},{"start":{"line":54,"column":39},"end":{"line":54,"column":45}}]},"2":{"loc":{"start":{"line":55,"column":18},"end":{"line":55,"column":35}},"type":"binary-expr","locations":[{"start":{"line":55,"column":18},"end":{"line":55,"column":35}},{"start":{"line":55,"column":39},"end":{"line":55,"column":45}}]},"3":{"loc":{"start":{"line":57,"column":8},"end":{"line":58,"column":88}},"type":"if","locations":[{"start":{"line":57,"column":8},"end":{"line":58,"column":88}},{"start":{"line":57,"column":8},"end":{"line":58,"column":88}}]},"4":{"loc":{"start":{"line":59,"column":38},"end":{"line":59,"column":47}},"type":"cond-expr","locations":[{"start":{"line":59,"column":38},"end":{"line":59,"column":47}},{"start":{"line":59,"column":50},"end":{"line":65,"column":10}}]},"5":{"loc":{"start":{"line":61,"column":66},"end":{"line":61,"column":78}},"type":"cond-expr","locations":[{"start":{"line":61,"column":66},"end":{"line":61,"column":78}},{"start":{"line":61,"column":81},"end":{"line":64,"column":13}}]}},"s":{"0":10,"1":10,"2":3,"3":3,"4":6,"5":2,"6":2,"7":6,"8":1,"9":1,"10":1,"11":6,"12":6,"13":6,"14":6,"15":5,"16":1,"17":6,"18":10},"f":{"0":3,"1":6,"2":2,"3":1},"b":{"0":[1,0],"1":[6,3],"2":[6,3],"3":[5,1],"4":[4,2],"5":[1,1]}}
,"/Users/sth1pal/Documents/Development/JavaScript/nodejs/ts6/dev/hsLibs/mithril/hsWidget/src/OptionsButton.ts": {"path":"/Users/sth1pal/Documents/Development/JavaScript/nodejs/ts6/dev/hsLibs/mithril/hsWidget/src/OptionsButton.ts","statementMap":{"0":{"start":{"line":32,"column":0},"end":{"line":32,"column":40}},"1":{"start":{"line":33,"column":0},"end":{"line":33,"column":40}},"2":{"start":{"line":34,"column":0},"end":{"line":34,"column":42}},"3":{"start":{"line":35,"column":0},"end":{"line":35,"column":42}},"4":{"start":{"line":55,"column":8},"end":{"line":55,"column":38}},"5":{"start":{"line":58,"column":8},"end":{"line":58,"column":47}},"6":{"start":{"line":59,"column":22},"end":{"line":59,"column":44}},"7":{"start":{"line":61,"column":8},"end":{"line":64,"column":12}},"8":{"start":{"line":63,"column":66},"end":{"line":63,"column":94}},"9":{"start":{"line":66,"column":31},"end":{"line":66,"column":91}},"10":{"start":{"line":53,"column":0},"end":{"line":67,"column":1}}},"fnMap":{"0":{"name":"(anonymous_0)","decl":{"start":{"line":54,"column":4},"end":{"line":54,"column":9}},"loc":{"start":{"line":54,"column":21},"end":{"line":56,"column":5}}},"1":{"name":"(anonymous_1)","decl":{"start":{"line":57,"column":4},"end":{"line":57,"column":9}},"loc":{"start":{"line":57,"column":44},"end":{"line":65,"column":5}}},"2":{"name":"(anonymous_2)","decl":{"start":{"line":63,"column":42},"end":{"line":63,"column":43}},"loc":{"start":{"line":63,"column":66},"end":{"line":63,"column":94}}},"3":{"name":"(anonymous_3)","decl":{"start":{"line":66,"column":4},"end":{"line":66,"column":7}},"loc":{"start":{"line":66,"column":20},"end":{"line":66,"column":93}}}},"branchMap":{"0":{"loc":{"start":{"line":58,"column":24},"end":{"line":58,"column":38}},"type":"binary-expr","locations":[{"start":{"line":58,"column":24},"end":{"line":58,"column":38}},{"start":{"line":58,"column":42},"end":{"line":58,"column":44}}]},"1":{"loc":{"start":{"line":59,"column":22},"end":{"line":59,"column":38}},"type":"binary-expr","locations":[{"start":{"line":59,"column":22},"end":{"line":59,"column":38}},{"start":{"line":59,"column":42},"end":{"line":59,"column":44}}]}},"s":{"0":10,"1":10,"2":10,"3":10,"4":1,"5":5,"6":5,"7":5,"8":15,"9":5,"10":10},"f":{"0":1,"1":5,"2":15,"3":5},"b":{"0":[5,5],"1":[5,5]}}
,"/Users/sth1pal/Documents/Development/JavaScript/nodejs/ts6/dev/hsLibs/mithril/hsWidget/src/RadioButton.ts": {"path":"/Users/sth1pal/Documents/Development/JavaScript/nodejs/ts6/dev/hsLibs/mithril/hsWidget/src/RadioButton.ts","statementMap":{"0":{"start":{"line":34,"column":0},"end":{"line":34,"column":43}},"1":{"start":{"line":35,"column":0},"end":{"line":35,"column":43}},"2":{"start":{"line":36,"column":0},"end":{"line":36,"column":45}},"3":{"start":{"line":56,"column":8},"end":{"line":56,"column":47}},"4":{"start":{"line":57,"column":22},"end":{"line":57,"column":44}},"5":{"start":{"line":59,"column":8},"end":{"line":62,"column":12}},"6":{"start":{"line":61,"column":66},"end":{"line":61,"column":94}},"7":{"start":{"line":65,"column":8},"end":{"line":65,"column":27}},"8":{"start":{"line":66,"column":8},"end":{"line":66,"column":38}},"9":{"start":{"line":69,"column":8},"end":{"line":69,"column":29}},"10":{"start":{"line":70,"column":8},"end":{"line":70,"column":38}},"11":{"start":{"line":72,"column":31},"end":{"line":72,"column":87}},"12":{"start":{"line":54,"column":0},"end":{"line":73,"column":1}}},"fnMap":{"0":{"name":"(anonymous_0)","decl":{"start":{"line":55,"column":4},"end":{"line":55,"column":9}},"loc":{"start":{"line":55,"column":44},"end":{"line":63,"column":5}}},"1":{"name":"(anonymous_1)","decl":{"start":{"line":61,"column":42},"end":{"line":61,"column":43}},"loc":{"start":{"line":61,"column":66},"end":{"line":61,"column":94}}},"2":{"name":"(anonymous_2)","decl":{"start":{"line":64,"column":4},"end":{"line":64,"column":9}},"loc":{"start":{"line":64,"column":22},"end":{"line":67,"column":5}}},"3":{"name":"(anonymous_3)","decl":{"start":{"line":68,"column":4},"end":{"line":68,"column":11}},"loc":{"start":{"line":68,"column":24},"end":{"line":71,"column":5}}},"4":{"name":"(anonymous_4)","decl":{"start":{"line":72,"column":4},"end":{"line":72,"column":7}},"loc":{"start":{"line":72,"column":20},"end":{"line":72,"column":89}}}},"branchMap":{"0":{"loc":{"start":{"line":56,"column":24},"end":{"line":56,"column":38}},"type":"binary-expr","locations":[{"start":{"line":56,"column":24},"end":{"line":56,"column":38}},{"start":{"line":56,"column":42},"end":{"line":56,"column":44}}]},"1":{"loc":{"start":{"line":57,"column":22},"end":{"line":57,"column":38}},"type":"binary-expr","locations":[{"start":{"line":57,"column":22},"end":{"line":57,"column":38}},{"start":{"line":57,"column":42},"end":{"line":57,"column":44}}]}},"s":{"0":11,"1":11,"2":11,"3":14,"4":14,"5":14,"6":44,"7":8,"8":8,"9":6,"10":6,"11":9,"12":11},"f":{"0":14,"1":44,"2":8,"3":6,"4":9},"b":{"0":[14,14],"1":[14,14]}}
,"/Users/sth1pal/Documents/Development/JavaScript/nodejs/ts6/dev/hsLibs/mithril/hsWidget/src/Selector.ts": {"path":"/Users/sth1pal/Documents/Development/JavaScript/nodejs/ts6/dev/hsLibs/mithril/hsWidget/src/Selector.ts","statementMap":{"0":{"start":{"line":22,"column":0},"end":{"line":22,"column":35}},"1":{"start":{"line":70,"column":4},"end":{"line":72,"column":7}},"2":{"start":{"line":71,"column":8},"end":{"line":71,"column":47}},"3":{"start":{"line":73,"column":4},"end":{"line":73,"column":94}},"4":{"start":{"line":73,"column":45},"end":{"line":73,"column":60}},"5":{"start":{"line":73,"column":65},"end":{"line":73,"column":92}},"6":{"start":{"line":74,"column":4},"end":{"line":74,"column":69}},"7":{"start":{"line":74,"column":49},"end":{"line":74,"column":64}},"8":{"start":{"line":69,"column":0},"end":{"line":75,"column":1}},"9":{"start":{"line":82,"column":4},"end":{"line":82,"column":55}},"10":{"start":{"line":83,"column":4},"end":{"line":83,"column":24}},"11":{"start":{"line":81,"column":0},"end":{"line":84,"column":1}},"12":{"start":{"line":111,"column":22},"end":{"line":111,"column":49}},"13":{"start":{"line":112,"column":8},"end":{"line":119,"column":11}},"14":{"start":{"line":113,"column":25},"end":{"line":116,"column":13}},"15":{"start":{"line":117,"column":12},"end":{"line":117,"column":39}},"16":{"start":{"line":118,"column":12},"end":{"line":118,"column":41}},"17":{"start":{"line":132,"column":8},"end":{"line":138,"column":10}},"18":{"start":{"line":136,"column":42},"end":{"line":136,"column":46}},"19":{"start":{"line":139,"column":8},"end":{"line":139,"column":64}},"20":{"start":{"line":140,"column":8},"end":{"line":140,"column":62}},"21":{"start":{"line":141,"column":8},"end":{"line":141,"column":152}},"22":{"start":{"line":141,"column":83},"end":{"line":141,"column":150}},"23":{"start":{"line":142,"column":8},"end":{"line":142,"column":62}},"24":{"start":{"line":143,"column":8},"end":{"line":143,"column":35}},"25":{"start":{"line":147,"column":8},"end":{"line":147,"column":28}},"26":{"start":{"line":150,"column":8},"end":{"line":150,"column":35}},"27":{"start":{"line":159,"column":8},"end":{"line":165,"column":9}},"28":{"start":{"line":159,"column":56},"end":{"line":159,"column":68}},"29":{"start":{"line":160,"column":12},"end":{"line":164,"column":13}},"30":{"start":{"line":161,"column":16},"end":{"line":161,"column":75}},"31":{"start":{"line":163,"column":16},"end":{"line":163,"column":54}},"32":{"start":{"line":175,"column":24},"end":{"line":181,"column":9}},"33":{"start":{"line":175,"column":57},"end":{"line":181,"column":9}},"34":{"start":{"line":176,"column":12},"end":{"line":176,"column":60}},"35":{"start":{"line":177,"column":12},"end":{"line":177,"column":50}},"36":{"start":{"line":178,"column":12},"end":{"line":180,"column":13}},"37":{"start":{"line":179,"column":16},"end":{"line":179,"column":32}},"38":{"start":{"line":182,"column":8},"end":{"line":182,"column":121}},"39":{"start":{"line":182,"column":19},"end":{"line":182,"column":112}},"40":{"start":{"line":182,"column":90},"end":{"line":182,"column":97}},"41":{"start":{"line":182,"column":113},"end":{"line":182,"column":119}},"42":{"start":{"line":183,"column":36},"end":{"line":183,"column":55}},"43":{"start":{"line":184,"column":29},"end":{"line":184,"column":45}},"44":{"start":{"line":185,"column":24},"end":{"line":185,"column":38}},"45":{"start":{"line":188,"column":8},"end":{"line":196,"column":11}},"46":{"start":{"line":105,"column":0},"end":{"line":199,"column":1}},"47":{"start":{"line":208,"column":26},"end":{"line":208,"column":82}},"48":{"start":{"line":208,"column":47},"end":{"line":208,"column":66}},"49":{"start":{"line":209,"column":26},"end":{"line":209,"column":82}},"50":{"start":{"line":209,"column":47},"end":{"line":209,"column":68}},"51":{"start":{"line":210,"column":26},"end":{"line":210,"column":82}},"52":{"start":{"line":210,"column":47},"end":{"line":210,"column":66}},"53":{"start":{"line":211,"column":4},"end":{"line":214,"column":6}},"54":{"start":{"line":207,"column":0},"end":{"line":215,"column":1}}},"fnMap":{"0":{"name":"oneOfItems","decl":{"start":{"line":69,"column":16},"end":{"line":69,"column":26}},"loc":{"start":{"line":69,"column":63},"end":{"line":75,"column":1}}},"1":{"name":"(anonymous_1)","decl":{"start":{"line":70,"column":18},"end":{"line":70,"column":19}},"loc":{"start":{"line":70,"column":42},"end":{"line":72,"column":5}}},"2":{"name":"(anonymous_2)","decl":{"start":{"line":73,"column":20},"end":{"line":73,"column":21}},"loc":{"start":{"line":73,"column":45},"end":{"line":73,"column":60}}},"3":{"name":"(anonymous_3)","decl":{"start":{"line":74,"column":24},"end":{"line":74,"column":25}},"loc":{"start":{"line":74,"column":49},"end":{"line":74,"column":64}}},"4":{"name":"anyItems","decl":{"start":{"line":81,"column":16},"end":{"line":81,"column":24}},"loc":{"start":{"line":81,"column":61},"end":{"line":84,"column":1}}},"5":{"name":"(anonymous_5)","decl":{"start":{"line":110,"column":4},"end":{"line":110,"column":9}},"loc":{"start":{"line":110,"column":33},"end":{"line":120,"column":5}}},"6":{"name":"(anonymous_6)","decl":{"start":{"line":112,"column":18},"end":{"line":112,"column":19}},"loc":{"start":{"line":112,"column":43},"end":{"line":119,"column":9}}},"7":{"name":"(anonymous_7)","decl":{"start":{"line":131,"column":4},"end":{"line":131,"column":9}},"loc":{"start":{"line":131,"column":45},"end":{"line":144,"column":5}}},"8":{"name":"(anonymous_8)","decl":{"start":{"line":136,"column":25},"end":{"line":136,"column":26}},"loc":{"start":{"line":136,"column":42},"end":{"line":136,"column":46}}},"9":{"name":"(anonymous_9)","decl":{"start":{"line":141,"column":66},"end":{"line":141,"column":67}},"loc":{"start":{"line":141,"column":83},"end":{"line":141,"column":150}}},"10":{"name":"(anonymous_10)","decl":{"start":{"line":146,"column":4},"end":{"line":146,"column":9}},"loc":{"start":{"line":146,"column":22},"end":{"line":148,"column":5}}},"11":{"name":"(anonymous_11)","decl":{"start":{"line":149,"column":4},"end":{"line":149,"column":11}},"loc":{"start":{"line":149,"column":24},"end":{"line":151,"column":5}}},"12":{"name":"(anonymous_12)","decl":{"start":{"line":158,"column":14},"end":{"line":158,"column":19}},"loc":{"start":{"line":158,"column":47},"end":{"line":166,"column":5}}},"13":{"name":"(anonymous_13)","decl":{"start":{"line":159,"column":34},"end":{"line":159,"column":35}},"loc":{"start":{"line":159,"column":56},"end":{"line":159,"column":68}}},"14":{"name":"(anonymous_14)","decl":{"start":{"line":174,"column":14},"end":{"line":174,"column":19}},"loc":{"start":{"line":174,"column":53},"end":{"line":197,"column":5}}},"15":{"name":"(anonymous_15)","decl":{"start":{"line":175,"column":24},"end":{"line":175,"column":25}},"loc":{"start":{"line":175,"column":57},"end":{"line":181,"column":9}}},"16":{"name":"(anonymous_16)","decl":{"start":{"line":175,"column":57},"end":{"line":175,"column":58}},"loc":{"start":{"line":175,"column":74},"end":{"line":181,"column":9}}},"17":{"name":"(anonymous_17)","decl":{"start":{"line":182,"column":81},"end":{"line":182,"column":82}},"loc":{"start":{"line":182,"column":90},"end":{"line":182,"column":97}}},"18":{"name":"renderSelectable","decl":{"start":{"line":207,"column":16},"end":{"line":207,"column":32}},"loc":{"start":{"line":207,"column":49},"end":{"line":215,"column":1}}},"19":{"name":"(anonymous_19)","decl":{"start":{"line":208,"column":39},"end":{"line":208,"column":41}},"loc":{"start":{"line":208,"column":44},"end":{"line":208,"column":68}}},"20":{"name":"(anonymous_20)","decl":{"start":{"line":209,"column":39},"end":{"line":209,"column":41}},"loc":{"start":{"line":209,"column":44},"end":{"line":209,"column":70}}},"21":{"name":"(anonymous_21)","decl":{"start":{"line":210,"column":39},"end":{"line":210,"column":41}},"loc":{"start":{"line":210,"column":44},"end":{"line":210,"column":68}}}},"branchMap":{"0":{"loc":{"start":{"line":73,"column":4},"end":{"line":73,"column":94}},"type":"if","locations":[{"start":{"line":73,"column":4},"end":{"line":73,"column":94}},{"start":{"line":73,"column":4},"end":{"line":73,"column":94}}]},"1":{"loc":{"start":{"line":111,"column":22},"end":{"line":111,"column":43}},"type":"binary-expr","locations":[{"start":{"line":111,"column":22},"end":{"line":111,"column":43}},{"start":{"line":111,"column":47},"end":{"line":111,"column":49}}]},"2":{"loc":{"start":{"line":113,"column":25},"end":{"line":113,"column":46}},"type":"binary-expr","locations":[{"start":{"line":113,"column":25},"end":{"line":113,"column":46}},{"start":{"line":113,"column":50},"end":{"line":116,"column":13}}]},"3":{"loc":{"start":{"line":131,"column":35},"end":{"line":131,"column":45}},"type":"default-arg","locations":[{"start":{"line":131,"column":35},"end":{"line":131,"column":45}}]},"4":{"loc":{"start":{"line":141,"column":38},"end":{"line":141,"column":61}},"type":"binary-expr","locations":[{"start":{"line":141,"column":38},"end":{"line":141,"column":61}},{"start":{"line":141,"column":66},"end":{"line":141,"column":150}}]},"5":{"loc":{"start":{"line":159,"column":8},"end":{"line":165,"column":9}},"type":"if","locations":[{"start":{"line":159,"column":8},"end":{"line":165,"column":9}},{"start":{"line":159,"column":8},"end":{"line":165,"column":9}}]},"6":{"loc":{"start":{"line":159,"column":11},"end":{"line":159,"column":69}},"type":"binary-expr","locations":[{"start":{"line":159,"column":11},"end":{"line":159,"column":69}},{"start":{"line":159,"column":73},"end":{"line":159,"column":98}}]},"7":{"loc":{"start":{"line":160,"column":12},"end":{"line":164,"column":13}},"type":"if","locations":[{"start":{"line":160,"column":12},"end":{"line":164,"column":13}},{"start":{"line":160,"column":12},"end":{"line":164,"column":13}}]},"8":{"loc":{"start":{"line":178,"column":12},"end":{"line":180,"column":13}},"type":"if","locations":[{"start":{"line":178,"column":12},"end":{"line":180,"column":13}},{"start":{"line":178,"column":12},"end":{"line":180,"column":13}}]},"9":{"loc":{"start":{"line":182,"column":8},"end":{"line":182,"column":121}},"type":"if","locations":[{"start":{"line":182,"column":8},"end":{"line":182,"column":121}},{"start":{"line":182,"column":8},"end":{"line":182,"column":121}}]},"10":{"loc":{"start":{"line":184,"column":29},"end":{"line":184,"column":39}},"type":"binary-expr","locations":[{"start":{"line":184,"column":29},"end":{"line":184,"column":39}},{"start":{"line":184,"column":43},"end":{"line":184,"column":45}}]},"11":{"loc":{"start":{"line":185,"column":24},"end":{"line":185,"column":32}},"type":"binary-expr","locations":[{"start":{"line":185,"column":24},"end":{"line":185,"column":32}},{"start":{"line":185,"column":36},"end":{"line":185,"column":38}}]},"12":{"loc":{"start":{"line":192,"column":49},"end":{"line":192,"column":83}},"type":"cond-expr","locations":[{"start":{"line":192,"column":49},"end":{"line":192,"column":83}},{"start":{"line":192,"column":86},"end":{"line":192,"column":91}}]},"13":{"loc":{"start":{"line":208,"column":39},"end":{"line":208,"column":68}},"type":"cond-expr","locations":[{"start":{"line":208,"column":39},"end":{"line":208,"column":68}},{"start":{"line":208,"column":73},"end":{"line":208,"column":82}}]},"14":{"loc":{"start":{"line":209,"column":39},"end":{"line":209,"column":70}},"type":"cond-expr","locations":[{"start":{"line":209,"column":39},"end":{"line":209,"column":70}},{"start":{"line":209,"column":73},"end":{"line":209,"column":82}}]},"15":{"loc":{"start":{"line":210,"column":39},"end":{"line":210,"column":68}},"type":"cond-expr","locations":[{"start":{"line":210,"column":39},"end":{"line":210,"column":68}},{"start":{"line":210,"column":73},"end":{"line":210,"column":82}}]},"16":{"loc":{"start":{"line":211,"column":31},"end":{"line":211,"column":36}},"type":"binary-expr","locations":[{"start":{"line":211,"column":31},"end":{"line":211,"column":36}},{"start":{"line":211,"column":40},"end":{"line":211,"column":42}}]},"17":{"loc":{"start":{"line":211,"column":59},"end":{"line":211,"column":72}},"type":"cond-expr","locations":[{"start":{"line":211,"column":59},"end":{"line":211,"column":72}},{"start":{"line":211,"column":74},"end":{"line":211,"column":76}}]}},"s":{"0":11,"1":9,"2":23,"3":9,"4":15,"5":0,"6":9,"7":23,"8":11,"9":4,"10":4,"11":11,"12":27,"13":27,"14":79,"15":79,"16":79,"17":12,"18":8,"19":12,"20":12,"21":12,"22":1,"23":12,"24":12,"25":11,"26":15,"27":24,"28":54,"29":10,"30":1,"31":9,"32":67,"33":67,"34":13,"35":13,"36":13,"37":13,"38":67,"39":0,"40":0,"41":0,"42":67,"43":67,"44":67,"45":67,"46":11,"47":67,"48":13,"49":67,"50":2,"51":67,"52":2,"53":67,"54":11},"f":{"0":9,"1":23,"2":15,"3":23,"4":4,"5":27,"6":79,"7":12,"8":8,"9":1,"10":11,"11":15,"12":24,"13":54,"14":67,"15":67,"16":13,"17":0,"18":67,"19":13,"20":2,"21":2},"b":{"0":[0,9],"1":[27,1],"2":[79,34],"3":[11],"4":[12,1],"5":[10,14],"6":[24,11],"7":[1,9],"8":[13,0],"9":[0,67],"10":[67,0],"11":[67,67],"12":[67,0],"13":[67,0],"14":[32,35],"15":[32,35],"16":[67,67],"17":[27,40]}}
,"/Users/sth1pal/Documents/Development/JavaScript/nodejs/ts6/dev/hsLibs/mithril/hsWidget/src/Slider.ts": {"path":"/Users/sth1pal/Documents/Development/JavaScript/nodejs/ts6/dev/hsLibs/mithril/hsWidget/src/Slider.ts","statementMap":{"0":{"start":{"line":43,"column":0},"end":{"line":43,"column":35}},"1":{"start":{"line":65,"column":8},"end":{"line":72,"column":10}},"2":{"start":{"line":75,"column":19},"end":{"line":75,"column":32}},"3":{"start":{"line":76,"column":20},"end":{"line":76,"column":40}},"4":{"start":{"line":77,"column":8},"end":{"line":77,"column":50}},"5":{"start":{"line":78,"column":8},"end":{"line":78,"column":50}},"6":{"start":{"line":79,"column":8},"end":{"line":86,"column":30}},"7":{"start":{"line":81,"column":35},"end":{"line":81,"column":53}},"8":{"start":{"line":82,"column":35},"end":{"line":82,"column":53}},"9":{"start":{"line":83,"column":35},"end":{"line":83,"column":51}},"10":{"start":{"line":84,"column":35},"end":{"line":84,"column":52}},"11":{"start":{"line":63,"column":0},"end":{"line":90,"column":1}},"12":{"start":{"line":93,"column":4},"end":{"line":96,"column":7}},"13":{"start":{"line":100,"column":18},"end":{"line":100,"column":40}},"14":{"start":{"line":101,"column":17},"end":{"line":101,"column":48}},"15":{"start":{"line":102,"column":4},"end":{"line":102,"column":81}},"16":{"start":{"line":106,"column":4},"end":{"line":106,"column":40}},"17":{"start":{"line":112,"column":21},"end":{"line":112,"column":29}},"18":{"start":{"line":113,"column":21},"end":{"line":113,"column":22}},"19":{"start":{"line":114,"column":4},"end":{"line":117,"column":5}},"20":{"start":{"line":115,"column":8},"end":{"line":115,"column":40}},"21":{"start":{"line":116,"column":8},"end":{"line":116,"column":35}},"22":{"start":{"line":118,"column":4},"end":{"line":118,"column":52}},"23":{"start":{"line":122,"column":4},"end":{"line":122,"column":24}},"24":{"start":{"line":123,"column":4},"end":{"line":123,"column":23}},"25":{"start":{"line":124,"column":22},"end":{"line":124,"column":59}},"26":{"start":{"line":125,"column":4},"end":{"line":125,"column":86}},"27":{"start":{"line":126,"column":4},"end":{"line":126,"column":24}},"28":{"start":{"line":130,"column":19},"end":{"line":130,"column":37}},"29":{"start":{"line":131,"column":4},"end":{"line":131,"column":33}},"30":{"start":{"line":132,"column":4},"end":{"line":137,"column":5}},"31":{"start":{"line":133,"column":26},"end":{"line":133,"column":63}},"32":{"start":{"line":134,"column":28},"end":{"line":134,"column":75}},"33":{"start":{"line":135,"column":8},"end":{"line":135,"column":42}},"34":{"start":{"line":136,"column":8},"end":{"line":136,"column":76}},"35":{"start":{"line":138,"column":4},"end":{"line":138,"column":41}},"36":{"start":{"line":139,"column":4},"end":{"line":139,"column":22}},"37":{"start":{"line":143,"column":4},"end":{"line":146,"column":5}},"38":{"start":{"line":144,"column":8},"end":{"line":144,"column":26}},"39":{"start":{"line":145,"column":8},"end":{"line":145,"column":79}},"40":{"start":{"line":145,"column":60},"end":{"line":145,"column":77}},"41":{"start":{"line":150,"column":4},"end":{"line":153,"column":5}},"42":{"start":{"line":151,"column":8},"end":{"line":151,"column":45}},"43":{"start":{"line":152,"column":8},"end":{"line":152,"column":30}},"44":{"start":{"line":157,"column":4},"end":{"line":159,"column":5}},"45":{"start":{"line":158,"column":8},"end":{"line":158,"column":25}},"46":{"start":{"line":163,"column":4},"end":{"line":176,"column":5}},"47":{"start":{"line":164,"column":18},"end":{"line":164,"column":82}},"48":{"start":{"line":165,"column":8},"end":{"line":168,"column":9}},"49":{"start":{"line":166,"column":12},"end":{"line":166,"column":53}},"50":{"start":{"line":167,"column":12},"end":{"line":167,"column":62}},"51":{"start":{"line":170,"column":8},"end":{"line":170,"column":47}},"52":{"start":{"line":172,"column":43},"end":{"line":172,"column":59}},"53":{"start":{"line":173,"column":18},"end":{"line":173,"column":103}},"54":{"start":{"line":174,"column":8},"end":{"line":174,"column":109}},"55":{"start":{"line":175,"column":8},"end":{"line":175,"column":32}}},"fnMap":{"0":{"name":"(anonymous_0)","decl":{"start":{"line":64,"column":4},"end":{"line":64,"column":9}},"loc":{"start":{"line":64,"column":21},"end":{"line":73,"column":5}}},"1":{"name":"(anonymous_1)","decl":{"start":{"line":71,"column":22},"end":{"line":71,"column":24}},"loc":{"start":{"line":71,"column":27},"end":{"line":71,"column":30}}},"2":{"name":"(anonymous_2)","decl":{"start":{"line":74,"column":4},"end":{"line":74,"column":7}},"loc":{"start":{"line":74,"column":20},"end":{"line":87,"column":5}}},"3":{"name":"(anonymous_3)","decl":{"start":{"line":81,"column":24},"end":{"line":81,"column":25}},"loc":{"start":{"line":81,"column":35},"end":{"line":81,"column":53}}},"4":{"name":"(anonymous_4)","decl":{"start":{"line":82,"column":24},"end":{"line":82,"column":25}},"loc":{"start":{"line":82,"column":35},"end":{"line":82,"column":53}}},"5":{"name":"(anonymous_5)","decl":{"start":{"line":83,"column":22},"end":{"line":83,"column":23}},"loc":{"start":{"line":83,"column":35},"end":{"line":83,"column":51}}},"6":{"name":"(anonymous_6)","decl":{"start":{"line":84,"column":23},"end":{"line":84,"column":24}},"loc":{"start":{"line":84,"column":35},"end":{"line":84,"column":52}}},"7":{"name":"renderSlider","decl":{"start":{"line":92,"column":9},"end":{"line":92,"column":21}},"loc":{"start":{"line":92,"column":32},"end":{"line":97,"column":1}}},"8":{"name":"renderMarker","decl":{"start":{"line":99,"column":9},"end":{"line":99,"column":21}},"loc":{"start":{"line":99,"column":73},"end":{"line":103,"column":1}}},"9":{"name":"renderLabel","decl":{"start":{"line":105,"column":9},"end":{"line":105,"column":20}},"loc":{"start":{"line":105,"column":41},"end":{"line":107,"column":1}}},"10":{"name":"getTargetOffset","decl":{"start":{"line":111,"column":9},"end":{"line":111,"column":24}},"loc":{"start":{"line":111,"column":30},"end":{"line":119,"column":1}}},"11":{"name":"getValue","decl":{"start":{"line":121,"column":9},"end":{"line":121,"column":17}},"loc":{"start":{"line":121,"column":35},"end":{"line":127,"column":1}}},"12":{"name":"mousedown","decl":{"start":{"line":129,"column":9},"end":{"line":129,"column":18}},"loc":{"start":{"line":129,"column":36},"end":{"line":140,"column":1}}},"13":{"name":"mousemove","decl":{"start":{"line":142,"column":9},"end":{"line":142,"column":18}},"loc":{"start":{"line":142,"column":36},"end":{"line":147,"column":1}}},"14":{"name":"mouseup","decl":{"start":{"line":149,"column":9},"end":{"line":149,"column":16}},"loc":{"start":{"line":149,"column":34},"end":{"line":154,"column":1}}},"15":{"name":"mouseout","decl":{"start":{"line":156,"column":9},"end":{"line":156,"column":17}},"loc":{"start":{"line":156,"column":35},"end":{"line":160,"column":1}}},"16":{"name":"notify","decl":{"start":{"line":162,"column":9},"end":{"line":162,"column":15}},"loc":{"start":{"line":162,"column":26},"end":{"line":177,"column":1}}}},"branchMap":{"0":{"loc":{"start":{"line":76,"column":20},"end":{"line":76,"column":34}},"type":"binary-expr","locations":[{"start":{"line":76,"column":20},"end":{"line":76,"column":34}},{"start":{"line":76,"column":38},"end":{"line":76,"column":40}}]},"1":{"loc":{"start":{"line":77,"column":27},"end":{"line":77,"column":43}},"type":"binary-expr","locations":[{"start":{"line":77,"column":27},"end":{"line":77,"column":43}},{"start":{"line":77,"column":47},"end":{"line":77,"column":49}}]},"2":{"loc":{"start":{"line":101,"column":35},"end":{"line":101,"column":36}},"type":"cond-expr","locations":[{"start":{"line":101,"column":35},"end":{"line":101,"column":36}},{"start":{"line":101,"column":39},"end":{"line":101,"column":48}}]},"3":{"loc":{"start":{"line":132,"column":4},"end":{"line":137,"column":5}},"type":"if","locations":[{"start":{"line":132,"column":4},"end":{"line":137,"column":5}},{"start":{"line":132,"column":4},"end":{"line":137,"column":5}}]},"4":{"loc":{"start":{"line":143,"column":4},"end":{"line":146,"column":5}},"type":"if","locations":[{"start":{"line":143,"column":4},"end":{"line":146,"column":5}},{"start":{"line":143,"column":4},"end":{"line":146,"column":5}}]},"5":{"loc":{"start":{"line":145,"column":8},"end":{"line":145,"column":79}},"type":"if","locations":[{"start":{"line":145,"column":8},"end":{"line":145,"column":79}},{"start":{"line":145,"column":8},"end":{"line":145,"column":79}}]},"6":{"loc":{"start":{"line":145,"column":12},"end":{"line":145,"column":32}},"type":"binary-expr","locations":[{"start":{"line":145,"column":12},"end":{"line":145,"column":32}},{"start":{"line":145,"column":36},"end":{"line":145,"column":56}}]},"7":{"loc":{"start":{"line":150,"column":4},"end":{"line":153,"column":5}},"type":"if","locations":[{"start":{"line":150,"column":4},"end":{"line":153,"column":5}},{"start":{"line":150,"column":4},"end":{"line":153,"column":5}}]},"8":{"loc":{"start":{"line":157,"column":4},"end":{"line":159,"column":5}},"type":"if","locations":[{"start":{"line":157,"column":4},"end":{"line":159,"column":5}},{"start":{"line":157,"column":4},"end":{"line":159,"column":5}}]},"9":{"loc":{"start":{"line":157,"column":8},"end":{"line":157,"column":26}},"type":"binary-expr","locations":[{"start":{"line":157,"column":8},"end":{"line":157,"column":26}},{"start":{"line":157,"column":30},"end":{"line":157,"column":71}}]},"10":{"loc":{"start":{"line":163,"column":4},"end":{"line":176,"column":5}},"type":"if","locations":[{"start":{"line":163,"column":4},"end":{"line":176,"column":5}},{"start":{"line":163,"column":4},"end":{"line":176,"column":5}}]},"11":{"loc":{"start":{"line":163,"column":9},"end":{"line":163,"column":36}},"type":"binary-expr","locations":[{"start":{"line":163,"column":9},"end":{"line":163,"column":36}},{"start":{"line":163,"column":42},"end":{"line":163,"column":80}}]},"12":{"loc":{"start":{"line":165,"column":8},"end":{"line":168,"column":9}},"type":"if","locations":[{"start":{"line":165,"column":8},"end":{"line":168,"column":9}},{"start":{"line":165,"column":8},"end":{"line":168,"column":9}}]}},"s":{"0":11,"1":3,"2":13,"3":13,"4":13,"5":13,"6":13,"7":4,"8":4,"9":1,"10":1,"11":11,"12":13,"13":29,"14":29,"15":29,"16":29,"17":4,"18":4,"19":4,"20":0,"21":0,"22":4,"23":10,"24":10,"25":10,"26":10,"27":10,"28":4,"29":4,"30":4,"31":4,"32":4,"33":4,"34":4,"35":4,"36":4,"37":4,"38":3,"39":3,"40":1,"41":3,"42":3,"43":3,"44":1,"45":1,"46":10,"47":4,"48":4,"49":3,"50":3,"51":4,"52":6,"53":6,"54":6,"55":6},"f":{"0":3,"1":0,"2":13,"3":4,"4":4,"5":1,"6":1,"7":13,"8":29,"9":29,"10":4,"11":10,"12":4,"13":4,"14":3,"15":1,"16":10},"b":{"0":[13,13],"1":[13,1],"2":[0,29],"3":[4,0],"4":[3,1],"5":[1,2],"6":[3,2],"7":[3,0],"8":[1,0],"9":[1,1],"10":[4,6],"11":[10,10],"12":[3,1]}}
,"/Users/sth1pal/Documents/Development/JavaScript/nodejs/ts6/dev/hsLibs/mithril/hsWidget/src/ToggleButton.ts": {"path":"/Users/sth1pal/Documents/Development/JavaScript/nodejs/ts6/dev/hsLibs/mithril/hsWidget/src/ToggleButton.ts","statementMap":{"0":{"start":{"line":34,"column":0},"end":{"line":34,"column":51}},"1":{"start":{"line":35,"column":0},"end":{"line":35,"column":53}},"2":{"start":{"line":56,"column":8},"end":{"line":56,"column":27}},"3":{"start":{"line":57,"column":8},"end":{"line":57,"column":37}},"4":{"start":{"line":58,"column":8},"end":{"line":58,"column":91}},"5":{"start":{"line":58,"column":44},"end":{"line":58,"column":90}},"6":{"start":{"line":59,"column":8},"end":{"line":59,"column":73}},"7":{"start":{"line":59,"column":44},"end":{"line":59,"column":72}},"8":{"start":{"line":61,"column":8},"end":{"line":67,"column":10}},"9":{"start":{"line":62,"column":22},"end":{"line":62,"column":87}},"10":{"start":{"line":62,"column":64},"end":{"line":62,"column":71}},"11":{"start":{"line":63,"column":29},"end":{"line":63,"column":84}},"12":{"start":{"line":64,"column":12},"end":{"line":64,"column":55}},"13":{"start":{"line":65,"column":12},"end":{"line":65,"column":57}},"14":{"start":{"line":66,"column":12},"end":{"line":66,"column":28}},"15":{"start":{"line":68,"column":8},"end":{"line":68,"column":38}},"16":{"start":{"line":71,"column":8},"end":{"line":71,"column":29}},"17":{"start":{"line":72,"column":8},"end":{"line":72,"column":38}},"18":{"start":{"line":75,"column":20},"end":{"line":75,"column":40}},"19":{"start":{"line":76,"column":22},"end":{"line":76,"column":44}},"20":{"start":{"line":77,"column":18},"end":{"line":77,"column":80}},"21":{"start":{"line":77,"column":67},"end":{"line":77,"column":79}},"22":{"start":{"line":79,"column":8},"end":{"line":81,"column":11}},"23":{"start":{"line":54,"column":0},"end":{"line":83,"column":1}}},"fnMap":{"0":{"name":"(anonymous_0)","decl":{"start":{"line":55,"column":4},"end":{"line":55,"column":9}},"loc":{"start":{"line":55,"column":21},"end":{"line":69,"column":5}}},"1":{"name":"(anonymous_1)","decl":{"start":{"line":58,"column":38},"end":{"line":58,"column":40}},"loc":{"start":{"line":58,"column":44},"end":{"line":58,"column":90}}},"2":{"name":"(anonymous_2)","decl":{"start":{"line":59,"column":38},"end":{"line":59,"column":40}},"loc":{"start":{"line":59,"column":44},"end":{"line":59,"column":72}}},"3":{"name":"(anonymous_3)","decl":{"start":{"line":61,"column":32},"end":{"line":61,"column":33}},"loc":{"start":{"line":61,"column":54},"end":{"line":67,"column":9}}},"4":{"name":"(anonymous_4)","decl":{"start":{"line":62,"column":43},"end":{"line":62,"column":44}},"loc":{"start":{"line":62,"column":64},"end":{"line":62,"column":71}}},"5":{"name":"(anonymous_5)","decl":{"start":{"line":70,"column":4},"end":{"line":70,"column":11}},"loc":{"start":{"line":70,"column":24},"end":{"line":73,"column":5}}},"6":{"name":"(anonymous_6)","decl":{"start":{"line":74,"column":4},"end":{"line":74,"column":7}},"loc":{"start":{"line":74,"column":20},"end":{"line":82,"column":5}}},"7":{"name":"(anonymous_7)","decl":{"start":{"line":77,"column":45},"end":{"line":77,"column":46}},"loc":{"start":{"line":77,"column":67},"end":{"line":77,"column":79}}}},"branchMap":{"0":{"loc":{"start":{"line":75,"column":20},"end":{"line":75,"column":34}},"type":"binary-expr","locations":[{"start":{"line":75,"column":20},"end":{"line":75,"column":34}},{"start":{"line":75,"column":38},"end":{"line":75,"column":40}}]},"1":{"loc":{"start":{"line":76,"column":22},"end":{"line":76,"column":38}},"type":"binary-expr","locations":[{"start":{"line":76,"column":22},"end":{"line":76,"column":38}},{"start":{"line":76,"column":42},"end":{"line":76,"column":44}}]}},"s":{"0":10,"1":10,"2":3,"3":3,"4":3,"5":1,"6":3,"7":1,"8":3,"9":5,"10":11,"11":5,"12":5,"13":5,"14":5,"15":3,"16":5,"17":5,"18":8,"19":8,"20":8,"21":11,"22":8,"23":10},"f":{"0":3,"1":1,"2":1,"3":5,"4":11,"5":5,"6":8,"7":11},"b":{"0":[8,8],"1":[8,8]}}
,"/Users/sth1pal/Documents/Development/JavaScript/nodejs/ts6/dev/hsLibs/mithril/hsWidget/src/ToolbarButton.ts": {"path":"/Users/sth1pal/Documents/Development/JavaScript/nodejs/ts6/dev/hsLibs/mithril/hsWidget/src/ToolbarButton.ts","statementMap":{"0":{"start":{"line":76,"column":0},"end":{"line":76,"column":35}},"1":{"start":{"line":78,"column":13},"end":{"line":109,"column":2}},"2":{"start":{"line":114,"column":8},"end":{"line":114,"column":65}},"3":{"start":{"line":117,"column":8},"end":{"line":127,"column":9}},"4":{"start":{"line":118,"column":12},"end":{"line":121,"column":14}},"5":{"start":{"line":123,"column":12},"end":{"line":126,"column":14}},"6":{"start":{"line":125,"column":58},"end":{"line":125,"column":70}},"7":{"start":{"line":111,"column":0},"end":{"line":129,"column":1}}},"fnMap":{"0":{"name":"(anonymous_0)","decl":{"start":{"line":113,"column":4},"end":{"line":113,"column":9}},"loc":{"start":{"line":113,"column":32},"end":{"line":115,"column":5}}},"1":{"name":"(anonymous_1)","decl":{"start":{"line":116,"column":4},"end":{"line":116,"column":7}},"loc":{"start":{"line":116,"column":19},"end":{"line":128,"column":5}}},"2":{"name":"(anonymous_2)","decl":{"start":{"line":125,"column":43},"end":{"line":125,"column":44}},"loc":{"start":{"line":125,"column":58},"end":{"line":125,"column":70}}}},"branchMap":{"0":{"loc":{"start":{"line":114,"column":36},"end":{"line":114,"column":59}},"type":"cond-expr","locations":[{"start":{"line":114,"column":36},"end":{"line":114,"column":59}},{"start":{"line":114,"column":62},"end":{"line":114,"column":64}}]},"1":{"loc":{"start":{"line":117,"column":8},"end":{"line":127,"column":9}},"type":"if","locations":[{"start":{"line":117,"column":8},"end":{"line":127,"column":9}},{"start":{"line":117,"column":8},"end":{"line":127,"column":9}}]}},"s":{"0":10,"1":10,"2":4,"3":3,"4":2,"5":1,"6":2,"7":10},"f":{"0":4,"1":3,"2":2},"b":{"0":[4,0],"1":[2,1]}}
,"/Users/sth1pal/Documents/Development/JavaScript/nodejs/ts6/dev/hsLibs/mithril/hsWidget/src/TypeAhead.ts": {"path":"/Users/sth1pal/Documents/Development/JavaScript/nodejs/ts6/dev/hsLibs/mithril/hsWidget/src/TypeAhead.ts","statementMap":{"0":{"start":{"line":43,"column":0},"end":{"line":43,"column":35}},"1":{"start":{"line":47,"column":15},"end":{"line":47,"column":38}},"2":{"start":{"line":48,"column":24},"end":{"line":59,"column":10}},"3":{"start":{"line":49,"column":35},"end":{"line":49,"column":48}},"4":{"start":{"line":52,"column":12},"end":{"line":58,"column":13}},"5":{"start":{"line":53,"column":16},"end":{"line":53,"column":58}},"6":{"start":{"line":54,"column":19},"end":{"line":58,"column":13}},"7":{"start":{"line":55,"column":16},"end":{"line":55,"column":55}},"8":{"start":{"line":57,"column":16},"end":{"line":57,"column":49}},"9":{"start":{"line":60,"column":4},"end":{"line":60,"column":34}},"10":{"start":{"line":64,"column":11},"end":{"line":64,"column":30}},"11":{"start":{"line":69,"column":8},"end":{"line":74,"column":9}},"12":{"start":{"line":70,"column":12},"end":{"line":71,"column":63}},"13":{"start":{"line":71,"column":34},"end":{"line":71,"column":61}},"14":{"start":{"line":73,"column":12},"end":{"line":73,"column":40}},"15":{"start":{"line":66,"column":8},"end":{"line":66,"column":42}},"16":{"start":{"line":80,"column":8},"end":{"line":80,"column":34}},"17":{"start":{"line":81,"column":8},"end":{"line":81,"column":38}},"18":{"start":{"line":82,"column":8},"end":{"line":82,"column":30}},"19":{"start":{"line":83,"column":8},"end":{"line":83,"column":38}},"20":{"start":{"line":84,"column":8},"end":{"line":84,"column":50}},"21":{"start":{"line":85,"column":8},"end":{"line":85,"column":42}},"22":{"start":{"line":88,"column":19},"end":{"line":88,"column":47}},"23":{"start":{"line":89,"column":25},"end":{"line":89,"column":72}},"24":{"start":{"line":89,"column":31},"end":{"line":89,"column":72}},"25":{"start":{"line":90,"column":23},"end":{"line":94,"column":9}},"26":{"start":{"line":91,"column":12},"end":{"line":91,"column":89}},"27":{"start":{"line":92,"column":12},"end":{"line":92,"column":42}},"28":{"start":{"line":93,"column":12},"end":{"line":93,"column":76}},"29":{"start":{"line":95,"column":23},"end":{"line":98,"column":10}},"30":{"start":{"line":95,"column":36},"end":{"line":98,"column":9}},"31":{"start":{"line":96,"column":12},"end":{"line":96,"column":72}},"32":{"start":{"line":97,"column":12},"end":{"line":97,"column":51}},"33":{"start":{"line":99,"column":22},"end":{"line":109,"column":9}},"34":{"start":{"line":100,"column":22},"end":{"line":100,"column":53}},"35":{"start":{"line":101,"column":26},"end":{"line":101,"column":52}},"36":{"start":{"line":102,"column":32},"end":{"line":102,"column":60}},"37":{"start":{"line":103,"column":37},"end":{"line":103,"column":66}},"38":{"start":{"line":104,"column":12},"end":{"line":104,"column":90}},"39":{"start":{"line":104,"column":68},"end":{"line":104,"column":88}},"40":{"start":{"line":105,"column":12},"end":{"line":105,"column":107}},"41":{"start":{"line":105,"column":68},"end":{"line":105,"column":93}},"42":{"start":{"line":106,"column":12},"end":{"line":106,"column":56}},"43":{"start":{"line":107,"column":22},"end":{"line":107,"column":34}},"44":{"start":{"line":108,"column":12},"end":{"line":108,"column":53}},"45":{"start":{"line":110,"column":27},"end":{"line":120,"column":9}},"46":{"start":{"line":111,"column":22},"end":{"line":111,"column":53}},"47":{"start":{"line":112,"column":12},"end":{"line":119,"column":13}},"48":{"start":{"line":113,"column":16},"end":{"line":113,"column":32}},"49":{"start":{"line":114,"column":19},"end":{"line":119,"column":13}},"50":{"start":{"line":115,"column":30},"end":{"line":115,"column":47}},"51":{"start":{"line":116,"column":16},"end":{"line":118,"column":17}},"52":{"start":{"line":117,"column":20},"end":{"line":117,"column":45}},"53":{"start":{"line":121,"column":26},"end":{"line":127,"column":9}},"54":{"start":{"line":129,"column":8},"end":{"line":137,"column":11}},"55":{"start":{"line":136,"column":20},"end":{"line":136,"column":78}},"56":{"start":{"line":78,"column":0},"end":{"line":139,"column":1}}},"fnMap":{"0":{"name":"emphasize","decl":{"start":{"line":46,"column":9},"end":{"line":46,"column":18}},"loc":{"start":{"line":46,"column":44},"end":{"line":61,"column":1}}},"1":{"name":"(anonymous_1)","decl":{"start":{"line":49,"column":21},"end":{"line":49,"column":22}},"loc":{"start":{"line":49,"column":35},"end":{"line":49,"column":48}}},"2":{"name":"(anonymous_2)","decl":{"start":{"line":51,"column":13},"end":{"line":51,"column":14}},"loc":{"start":{"line":51,"column":26},"end":{"line":59,"column":9}}},"3":{"name":"(anonymous_3)","decl":{"start":{"line":68,"column":4},"end":{"line":68,"column":15}},"loc":{"start":{"line":68,"column":65},"end":{"line":75,"column":5}}},"4":{"name":"(anonymous_4)","decl":{"start":{"line":71,"column":18},"end":{"line":71,"column":19}},"loc":{"start":{"line":71,"column":34},"end":{"line":71,"column":61}}},"5":{"name":"(anonymous_5)","decl":{"start":{"line":65,"column":12},"end":{"line":65,"column":22}},"loc":{"start":{"line":65,"column":59},"end":{"line":67,"column":5}}},"6":{"name":"(anonymous_6)","decl":{"start":{"line":79,"column":4},"end":{"line":79,"column":9}},"loc":{"start":{"line":79,"column":21},"end":{"line":86,"column":5}}},"7":{"name":"(anonymous_7)","decl":{"start":{"line":87,"column":4},"end":{"line":87,"column":7}},"loc":{"start":{"line":87,"column":19},"end":{"line":138,"column":5}}},"8":{"name":"(anonymous_8)","decl":{"start":{"line":89,"column":25},"end":{"line":89,"column":27}},"loc":{"start":{"line":89,"column":31},"end":{"line":89,"column":72}}},"9":{"name":"(anonymous_9)","decl":{"start":{"line":90,"column":23},"end":{"line":90,"column":24}},"loc":{"start":{"line":90,"column":36},"end":{"line":94,"column":9}}},"10":{"name":"(anonymous_10)","decl":{"start":{"line":95,"column":23},"end":{"line":95,"column":24}},"loc":{"start":{"line":95,"column":33},"end":{"line":98,"column":10}}},"11":{"name":"(anonymous_11)","decl":{"start":{"line":99,"column":22},"end":{"line":99,"column":23}},"loc":{"start":{"line":99,"column":32},"end":{"line":109,"column":9}}},"12":{"name":"(anonymous_12)","decl":{"start":{"line":104,"column":54},"end":{"line":104,"column":55}},"loc":{"start":{"line":104,"column":68},"end":{"line":104,"column":88}}},"13":{"name":"(anonymous_13)","decl":{"start":{"line":105,"column":54},"end":{"line":105,"column":55}},"loc":{"start":{"line":105,"column":68},"end":{"line":105,"column":93}}},"14":{"name":"(anonymous_14)","decl":{"start":{"line":110,"column":27},"end":{"line":110,"column":28}},"loc":{"start":{"line":110,"column":37},"end":{"line":120,"column":9}}},"15":{"name":"(anonymous_15)","decl":{"start":{"line":135,"column":69},"end":{"line":135,"column":70}},"loc":{"start":{"line":136,"column":20},"end":{"line":136,"column":78}}}},"branchMap":{"0":{"loc":{"start":{"line":52,"column":12},"end":{"line":58,"column":13}},"type":"if","locations":[{"start":{"line":52,"column":12},"end":{"line":58,"column":13}},{"start":{"line":52,"column":12},"end":{"line":58,"column":13}}]},"1":{"loc":{"start":{"line":54,"column":19},"end":{"line":58,"column":13}},"type":"if","locations":[{"start":{"line":54,"column":19},"end":{"line":58,"column":13}},{"start":{"line":54,"column":19},"end":{"line":58,"column":13}}]},"2":{"loc":{"start":{"line":69,"column":8},"end":{"line":74,"column":9}},"type":"if","locations":[{"start":{"line":69,"column":8},"end":{"line":74,"column":9}},{"start":{"line":69,"column":8},"end":{"line":74,"column":9}}]},"3":{"loc":{"start":{"line":66,"column":25},"end":{"line":66,"column":34}},"type":"cond-expr","locations":[{"start":{"line":66,"column":25},"end":{"line":66,"column":34}},{"start":{"line":66,"column":37},"end":{"line":66,"column":41}}]},"4":{"loc":{"start":{"line":93,"column":40},"end":{"line":93,"column":62}},"type":"cond-expr","locations":[{"start":{"line":93,"column":40},"end":{"line":93,"column":62}},{"start":{"line":93,"column":65},"end":{"line":93,"column":75}}]},"5":{"loc":{"start":{"line":95,"column":36},"end":{"line":98,"column":9}},"type":"if","locations":[{"start":{"line":95,"column":36},"end":{"line":98,"column":9}},{"start":{"line":95,"column":36},"end":{"line":98,"column":9}}]},"6":{"loc":{"start":{"line":105,"column":22},"end":{"line":105,"column":97}},"type":"binary-expr","locations":[{"start":{"line":105,"column":22},"end":{"line":105,"column":97}},{"start":{"line":105,"column":101},"end":{"line":105,"column":106}}]},"7":{"loc":{"start":{"line":112,"column":12},"end":{"line":119,"column":13}},"type":"if","locations":[{"start":{"line":112,"column":12},"end":{"line":119,"column":13}},{"start":{"line":112,"column":12},"end":{"line":119,"column":13}}]},"8":{"loc":{"start":{"line":114,"column":19},"end":{"line":119,"column":13}},"type":"if","locations":[{"start":{"line":114,"column":19},"end":{"line":119,"column":13}},{"start":{"line":114,"column":19},"end":{"line":119,"column":13}}]},"9":{"loc":{"start":{"line":116,"column":16},"end":{"line":118,"column":17}},"type":"if","locations":[{"start":{"line":116,"column":16},"end":{"line":118,"column":17}},{"start":{"line":116,"column":16},"end":{"line":118,"column":17}}]},"10":{"loc":{"start":{"line":124,"column":28},"end":{"line":124,"column":48}},"type":"binary-expr","locations":[{"start":{"line":124,"column":28},"end":{"line":124,"column":48}},{"start":{"line":124,"column":52},"end":{"line":124,"column":56}}]},"11":{"loc":{"start":{"line":130,"column":58},"end":{"line":130,"column":79}},"type":"cond-expr","locations":[{"start":{"line":130,"column":58},"end":{"line":130,"column":79}},{"start":{"line":130,"column":82},"end":{"line":130,"column":109}}]},"12":{"loc":{"start":{"line":132,"column":41},"end":{"line":132,"column":57}},"type":"cond-expr","locations":[{"start":{"line":132,"column":41},"end":{"line":132,"column":57}},{"start":{"line":132,"column":60},"end":{"line":132,"column":82}}]},"13":{"loc":{"start":{"line":134,"column":36},"end":{"line":134,"column":45}},"type":"cond-expr","locations":[{"start":{"line":134,"column":36},"end":{"line":134,"column":45}},{"start":{"line":135,"column":16},"end":{"line":136,"column":80}}]}},"s":{"0":10,"1":1,"2":1,"3":1,"4":3,"5":1,"6":2,"7":1,"8":1,"9":1,"10":5,"11":5,"12":0,"13":0,"14":5,"15":5,"16":1,"17":1,"18":1,"19":1,"20":1,"21":1,"22":5,"23":5,"24":0,"25":5,"26":1,"27":1,"28":1,"29":5,"30":0,"31":0,"32":0,"33":5,"34":2,"35":2,"36":2,"37":2,"38":2,"39":8,"40":2,"41":1,"42":2,"43":2,"44":2,"45":5,"46":2,"47":2,"48":1,"49":1,"50":1,"51":1,"52":1,"53":5,"54":5,"55":1,"56":10},"f":{"0":1,"1":1,"2":3,"3":5,"4":0,"5":5,"6":1,"7":5,"8":0,"9":1,"10":0,"11":2,"12":8,"13":1,"14":2,"15":1},"b":{"0":[1,2],"1":[1,1],"2":[0,5],"3":[0,5],"4":[1,0],"5":[0,0],"6":[2,1],"7":[1,1],"8":[1,0],"9":[1,0],"10":[5,5],"11":[4,1],"12":[4,1],"13":[3,2]}}
,"/Users/sth1pal/Documents/Development/JavaScript/nodejs/ts6/dev/hsLibs/mithril/hsWidget/src/index.ts": {"path":"/Users/sth1pal/Documents/Development/JavaScript/nodejs/ts6/dev/hsLibs/mithril/hsWidget/src/index.ts","statementMap":{"0":{"start":{"line":8,"column":0},"end":{"line":8,"column":37}},"1":{"start":{"line":8,"column":9},"end":{"line":8,"column":13}},"2":{"start":{"line":10,"column":0},"end":{"line":10,"column":39}},"3":{"start":{"line":10,"column":9},"end":{"line":10,"column":15}},"4":{"start":{"line":11,"column":0},"end":{"line":11,"column":38}},"5":{"start":{"line":11,"column":9},"end":{"line":11,"column":14}},"6":{"start":{"line":12,"column":0},"end":{"line":12,"column":39}},"7":{"start":{"line":12,"column":9},"end":{"line":12,"column":15}},"8":{"start":{"line":13,"column":0},"end":{"line":13,"column":44}},"9":{"start":{"line":13,"column":9},"end":{"line":13,"column":20}},"10":{"start":{"line":14,"column":0},"end":{"line":14,"column":46}},"11":{"start":{"line":14,"column":9},"end":{"line":14,"column":22}},"12":{"start":{"line":15,"column":0},"end":{"line":15,"column":45}},"13":{"start":{"line":15,"column":9},"end":{"line":15,"column":21}},"14":{"start":{"line":16,"column":0},"end":{"line":16,"column":46}},"15":{"start":{"line":16,"column":9},"end":{"line":16,"column":22}},"16":{"start":{"line":17,"column":0},"end":{"line":17,"column":46}},"17":{"start":{"line":17,"column":9},"end":{"line":17,"column":22}},"18":{"start":{"line":18,"column":0},"end":{"line":18,"column":44}},"19":{"start":{"line":18,"column":9},"end":{"line":18,"column":20}},"20":{"start":{"line":19,"column":0},"end":{"line":19,"column":38}},"21":{"start":{"line":19,"column":9},"end":{"line":19,"column":14}},"22":{"start":{"line":20,"column":0},"end":{"line":20,"column":42}},"23":{"start":{"line":20,"column":9},"end":{"line":20,"column":18}}},"fnMap":{},"branchMap":{},"s":{"0":10,"1":10,"2":10,"3":10,"4":10,"5":10,"6":10,"7":10,"8":10,"9":10,"10":10,"11":10,"12":10,"13":10,"14":10,"15":10,"16":10,"17":10,"18":10,"19":10,"20":10,"21":10,"22":10,"23":10},"f":{},"b":{}}
,"/Users/sth1pal/Documents/Development/JavaScript/nodejs/ts6/dev/hsLibs/mithril/hsWidget/src/mithril.ts": {"path":"/Users/sth1pal/Documents/Development/JavaScript/nodejs/ts6/dev/hsLibs/mithril/hsWidget/src/mithril.ts","statementMap":{"0":{"start":{"line":9,"column":13},"end":{"line":9,"column":36}}},"fnMap":{},"branchMap":{},"s":{"0":2},"f":{},"b":{}}
}
