{"/Users/sth1pal/Documents/Development/JavaScript/nodejs/ts6/dev/hsLibs/mithril/hsWidget/src/AddRemove.ts": {"path":"/Users/sth1pal/Documents/Development/JavaScript/nodejs/ts6/dev/hsLibs/mithril/hsWidget/src/AddRemove.ts","statementMap":{"0":{"start":{"line":19,"column":0},"end":{"line":19,"column":39}},"1":{"start":{"line":23,"column":8},"end":{"line":23,"column":71}},"2":{"start":{"line":21,"column":0},"end":{"line":25,"column":1}},"3":{"start":{"line":29,"column":8},"end":{"line":29,"column":74}},"4":{"start":{"line":27,"column":0},"end":{"line":31,"column":1}}},"fnMap":{"0":{"name":"(anonymous_0)","decl":{"start":{"line":22,"column":4},"end":{"line":22,"column":7}},"loc":{"start":{"line":22,"column":19},"end":{"line":24,"column":5}}},"1":{"name":"(anonymous_1)","decl":{"start":{"line":28,"column":4},"end":{"line":28,"column":7}},"loc":{"start":{"line":28,"column":19},"end":{"line":30,"column":5}}}},"branchMap":{},"s":{"0":11,"1":0,"2":11,"3":0,"4":11},"f":{"0":0,"1":0},"b":{}}
,"/Users/sth1pal/Documents/Development/JavaScript/nodejs/ts6/dev/hsLibs/mithril/hsWidget/src/Button.ts": {"path":"/Users/sth1pal/Documents/Development/JavaScript/nodejs/ts6/dev/hsLibs/mithril/hsWidget/src/Button.ts","statementMap":{"0":{"start":{"line":33,"column":0},"end":{"line":33,"column":45}},"1":{"start":{"line":50,"column":21},"end":{"line":50,"column":36}},"2":{"start":{"line":51,"column":8},"end":{"line":51,"column":45}},"3":{"start":{"line":52,"column":8},"end":{"line":52,"column":36}},"4":{"start":{"line":53,"column":8},"end":{"line":53,"column":32}},"5":{"start":{"line":48,"column":0},"end":{"line":55,"column":1}}},"fnMap":{"0":{"name":"(anonymous_0)","decl":{"start":{"line":49,"column":4},"end":{"line":49,"column":7}},"loc":{"start":{"line":49,"column":20},"end":{"line":54,"column":5}}}},"branchMap":{"0":{"loc":{"start":{"line":51,"column":22},"end":{"line":51,"column":31}},"type":"binary-expr","locations":[{"start":{"line":51,"column":22},"end":{"line":51,"column":31}},{"start":{"line":51,"column":35},"end":{"line":51,"column":43}}]}},"s":{"0":11,"1":1,"2":1,"3":1,"4":1,"5":11},"f":{"0":1},"b":{"0":[1,0]}}
,"/Users/sth1pal/Documents/Development/JavaScript/nodejs/ts6/dev/hsLibs/mithril/hsWidget/src/Collapsible.ts": {"path":"/Users/sth1pal/Documents/Development/JavaScript/nodejs/ts6/dev/hsLibs/mithril/hsWidget/src/Collapsible.ts","statementMap":{"0":{"start":{"line":50,"column":0},"end":{"line":50,"column":35}},"1":{"start":{"line":53,"column":4},"end":{"line":53,"column":19}},"2":{"start":{"line":54,"column":4},"end":{"line":54,"column":21}},"3":{"start":{"line":56,"column":8},"end":{"line":56,"column":39}},"4":{"start":{"line":57,"column":8},"end":{"line":57,"column":29}},"5":{"start":{"line":60,"column":27},"end":{"line":60,"column":41}},"6":{"start":{"line":61,"column":27},"end":{"line":61,"column":48}},"7":{"start":{"line":62,"column":27},"end":{"line":62,"column":46}},"8":{"start":{"line":63,"column":27},"end":{"line":63,"column":47}},"9":{"start":{"line":64,"column":8},"end":{"line":66,"column":9}},"10":{"start":{"line":65,"column":12},"end":{"line":65,"column":50}},"11":{"start":{"line":67,"column":23},"end":{"line":67,"column":65}},"12":{"start":{"line":68,"column":8},"end":{"line":75,"column":11}},"13":{"start":{"line":74,"column":84},"end":{"line":74,"column":91}},"14":{"start":{"line":52,"column":0},"end":{"line":77,"column":1}}},"fnMap":{"0":{"name":"(anonymous_0)","decl":{"start":{"line":52,"column":0},"end":{"line":null,"column":-1}},"loc":{"start":{"line":52,"column":0},"end":{"line":77,"column":1}}},"1":{"name":"(anonymous_1)","decl":{"start":{"line":55,"column":4},"end":{"line":55,"column":9}},"loc":{"start":{"line":55,"column":10},"end":{"line":58,"column":5}}},"2":{"name":"(anonymous_2)","decl":{"start":{"line":59,"column":4},"end":{"line":59,"column":7}},"loc":{"start":{"line":59,"column":19},"end":{"line":76,"column":5}}},"3":{"name":"(anonymous_3)","decl":{"start":{"line":74,"column":74},"end":{"line":74,"column":75}},"loc":{"start":{"line":74,"column":84},"end":{"line":74,"column":91}}}},"branchMap":{"0":{"loc":{"start":{"line":64,"column":8},"end":{"line":66,"column":9}},"type":"if","locations":[{"start":{"line":64,"column":8},"end":{"line":66,"column":9}},{"start":{"line":64,"column":8},"end":{"line":66,"column":9}}]},"1":{"loc":{"start":{"line":64,"column":12},"end":{"line":64,"column":24}},"type":"binary-expr","locations":[{"start":{"line":64,"column":12},"end":{"line":64,"column":24}},{"start":{"line":64,"column":28},"end":{"line":64,"column":61}}]},"2":{"loc":{"start":{"line":67,"column":37},"end":{"line":67,"column":62}},"type":"cond-expr","locations":[{"start":{"line":67,"column":37},"end":{"line":67,"column":62}},{"start":{"line":67,"column":63},"end":{"line":67,"column":65}}]},"3":{"loc":{"start":{"line":70,"column":27},"end":{"line":70,"column":32}},"type":"cond-expr","locations":[{"start":{"line":70,"column":27},"end":{"line":70,"column":32}},{"start":{"line":70,"column":35},"end":{"line":70,"column":115}}]},"4":{"loc":{"start":{"line":70,"column":96},"end":{"line":70,"column":102}},"type":"cond-expr","locations":[{"start":{"line":70,"column":96},"end":{"line":70,"column":102}},{"start":{"line":70,"column":105},"end":{"line":70,"column":112}}]},"5":{"loc":{"start":{"line":72,"column":28},"end":{"line":72,"column":33}},"type":"cond-expr","locations":[{"start":{"line":72,"column":28},"end":{"line":72,"column":33}},{"start":{"line":72,"column":36},"end":{"line":72,"column":116}}]},"6":{"loc":{"start":{"line":72,"column":98},"end":{"line":72,"column":104}},"type":"cond-expr","locations":[{"start":{"line":72,"column":98},"end":{"line":72,"column":104}},{"start":{"line":72,"column":107},"end":{"line":72,"column":113}}]},"7":{"loc":{"start":{"line":74,"column":27},"end":{"line":74,"column":93}},"type":"cond-expr","locations":[{"start":{"line":74,"column":27},"end":{"line":74,"column":93}},{"start":{"line":74,"column":96},"end":{"line":74,"column":105}}]}},"s":{"0":11,"1":2,"2":2,"3":2,"4":2,"5":4,"6":4,"7":4,"8":4,"9":4,"10":2,"11":4,"12":4,"13":12,"14":11},"f":{"0":2,"1":2,"2":4,"3":12},"b":{"0":[2,2],"1":[4,2],"2":[2,2],"3":[2,2],"4":[1,1],"5":[2,2],"6":[1,1],"7":[4,0]}}
,"/Users/sth1pal/Documents/Development/JavaScript/nodejs/ts6/dev/hsLibs/mithril/hsWidget/src/Label.ts": {"path":"/Users/sth1pal/Documents/Development/JavaScript/nodejs/ts6/dev/hsLibs/mithril/hsWidget/src/Label.ts","statementMap":{"0":{"start":{"line":33,"column":0},"end":{"line":33,"column":39}},"1":{"start":{"line":47,"column":20},"end":{"line":47,"column":40}},"2":{"start":{"line":48,"column":22},"end":{"line":48,"column":44}},"3":{"start":{"line":49,"column":22},"end":{"line":49,"column":54}},"4":{"start":{"line":50,"column":8},"end":{"line":50,"column":69}},"5":{"start":{"line":45,"column":0},"end":{"line":52,"column":1}}},"fnMap":{"0":{"name":"(anonymous_0)","decl":{"start":{"line":46,"column":4},"end":{"line":46,"column":7}},"loc":{"start":{"line":46,"column":20},"end":{"line":51,"column":5}}}},"branchMap":{"0":{"loc":{"start":{"line":47,"column":20},"end":{"line":47,"column":34}},"type":"binary-expr","locations":[{"start":{"line":47,"column":20},"end":{"line":47,"column":34}},{"start":{"line":47,"column":38},"end":{"line":47,"column":40}}]},"1":{"loc":{"start":{"line":48,"column":22},"end":{"line":48,"column":38}},"type":"binary-expr","locations":[{"start":{"line":48,"column":22},"end":{"line":48,"column":38}},{"start":{"line":48,"column":42},"end":{"line":48,"column":44}}]},"2":{"loc":{"start":{"line":49,"column":22},"end":{"line":49,"column":37}},"type":"binary-expr","locations":[{"start":{"line":49,"column":22},"end":{"line":49,"column":37}},{"start":{"line":49,"column":41},"end":{"line":49,"column":54}}]}},"s":{"0":11,"1":1,"2":1,"3":1,"4":1,"5":11},"f":{"0":1},"b":{"0":[1,0],"1":[1,0],"2":[1,0]}}
,"/Users/sth1pal/Documents/Development/JavaScript/nodejs/ts6/dev/hsLibs/mithril/hsWidget/src/Menu.ts": {"path":"/Users/sth1pal/Documents/Development/JavaScript/nodejs/ts6/dev/hsLibs/mithril/hsWidget/src/Menu.ts","statementMap":{"0":{"start":{"line":57,"column":0},"end":{"line":57,"column":44}},"1":{"start":{"line":64,"column":31},"end":{"line":64,"column":71}},"2":{"start":{"line":63,"column":0},"end":{"line":65,"column":1}}},"fnMap":{"0":{"name":"(anonymous_0)","decl":{"start":{"line":64,"column":4},"end":{"line":64,"column":7}},"loc":{"start":{"line":64,"column":20},"end":{"line":64,"column":73}}}},"branchMap":{},"s":{"0":12,"1":4,"2":12},"f":{"0":4},"b":{}}
,"/Users/sth1pal/Documents/Development/JavaScript/nodejs/ts6/dev/hsLibs/mithril/hsWidget/src/Modal.ts": {"path":"/Users/sth1pal/Documents/Development/JavaScript/nodejs/ts6/dev/hsLibs/mithril/hsWidget/src/Modal.ts","statementMap":{"0":{"start":{"line":37,"column":0},"end":{"line":37,"column":35}},"1":{"start":{"line":38,"column":0},"end":{"line":38,"column":47}},"2":{"start":{"line":41,"column":4},"end":{"line":41,"column":40}},"3":{"start":{"line":42,"column":4},"end":{"line":42,"column":22}},"4":{"start":{"line":44,"column":26},"end":{"line":44,"column":46}},"5":{"start":{"line":44,"column":32},"end":{"line":44,"column":46}},"6":{"start":{"line":45,"column":24},"end":{"line":49,"column":9}},"7":{"start":{"line":46,"column":12},"end":{"line":46,"column":34}},"8":{"start":{"line":47,"column":0},"end":{"line":47,"column":53}},"9":{"start":{"line":48,"column":12},"end":{"line":48,"column":23}},"10":{"start":{"line":50,"column":24},"end":{"line":54,"column":9}},"11":{"start":{"line":51,"column":12},"end":{"line":51,"column":35}},"12":{"start":{"line":52,"column":12},"end":{"line":52,"column":61}},"13":{"start":{"line":52,"column":38},"end":{"line":52,"column":59}},"14":{"start":{"line":53,"column":0},"end":{"line":53,"column":53}},"15":{"start":{"line":55,"column":18},"end":{"line":55,"column":45}},"16":{"start":{"line":56,"column":18},"end":{"line":56,"column":45}},"17":{"start":{"line":57,"column":22},"end":{"line":57,"column":58}},"18":{"start":{"line":58,"column":8},"end":{"line":59,"column":88}},"19":{"start":{"line":58,"column":37},"end":{"line":58,"column":79}},"20":{"start":{"line":59,"column":15},"end":{"line":59,"column":86}},"21":{"start":{"line":60,"column":0},"end":{"line":60,"column":48}},"22":{"start":{"line":61,"column":8},"end":{"line":67,"column":11}},"23":{"start":{"line":40,"column":0},"end":{"line":69,"column":1}}},"fnMap":{"0":{"name":"(anonymous_0)","decl":{"start":{"line":40,"column":0},"end":{"line":null,"column":-1}},"loc":{"start":{"line":40,"column":0},"end":{"line":69,"column":1}}},"1":{"name":"(anonymous_1)","decl":{"start":{"line":43,"column":4},"end":{"line":43,"column":7}},"loc":{"start":{"line":43,"column":19},"end":{"line":68,"column":5}}},"2":{"name":"(anonymous_2)","decl":{"start":{"line":44,"column":26},"end":{"line":44,"column":28}},"loc":{"start":{"line":44,"column":32},"end":{"line":44,"column":46}}},"3":{"name":"(anonymous_3)","decl":{"start":{"line":45,"column":24},"end":{"line":45,"column":26}},"loc":{"start":{"line":45,"column":29},"end":{"line":49,"column":9}}},"4":{"name":"(anonymous_4)","decl":{"start":{"line":50,"column":24},"end":{"line":50,"column":26}},"loc":{"start":{"line":50,"column":29},"end":{"line":54,"column":9}}}},"branchMap":{"0":{"loc":{"start":{"line":52,"column":12},"end":{"line":52,"column":61}},"type":"if","locations":[{"start":{"line":52,"column":12},"end":{"line":52,"column":61}},{"start":{"line":52,"column":12},"end":{"line":52,"column":61}}]},"1":{"loc":{"start":{"line":55,"column":18},"end":{"line":55,"column":34}},"type":"binary-expr","locations":[{"start":{"line":55,"column":18},"end":{"line":55,"column":34}},{"start":{"line":55,"column":39},"end":{"line":55,"column":45}}]},"2":{"loc":{"start":{"line":56,"column":18},"end":{"line":56,"column":35}},"type":"binary-expr","locations":[{"start":{"line":56,"column":18},"end":{"line":56,"column":35}},{"start":{"line":56,"column":39},"end":{"line":56,"column":45}}]},"3":{"loc":{"start":{"line":58,"column":8},"end":{"line":59,"column":88}},"type":"if","locations":[{"start":{"line":58,"column":8},"end":{"line":59,"column":88}},{"start":{"line":58,"column":8},"end":{"line":59,"column":88}}]},"4":{"loc":{"start":{"line":61,"column":29},"end":{"line":61,"column":38}},"type":"cond-expr","locations":[{"start":{"line":61,"column":29},"end":{"line":61,"column":38}},{"start":{"line":61,"column":41},"end":{"line":67,"column":10}}]},"5":{"loc":{"start":{"line":63,"column":66},"end":{"line":63,"column":78}},"type":"cond-expr","locations":[{"start":{"line":63,"column":66},"end":{"line":63,"column":78}},{"start":{"line":63,"column":81},"end":{"line":66,"column":13}}]}},"s":{"0":11,"1":11,"2":1,"3":1,"4":3,"5":6,"6":3,"7":1,"8":1,"9":1,"10":3,"11":1,"12":1,"13":1,"14":1,"15":3,"16":3,"17":3,"18":3,"19":3,"20":0,"21":3,"22":3,"23":11},"f":{"0":1,"1":3,"2":6,"3":1,"4":1},"b":{"0":[1,0],"1":[3,0],"2":[3,0],"3":[3,0],"4":[2,1],"5":[0,1]}}
,"/Users/sth1pal/Documents/Development/JavaScript/nodejs/ts6/dev/hsLibs/mithril/hsWidget/src/RadioButton.ts": {"path":"/Users/sth1pal/Documents/Development/JavaScript/nodejs/ts6/dev/hsLibs/mithril/hsWidget/src/RadioButton.ts","statementMap":{"0":{"start":{"line":34,"column":0},"end":{"line":34,"column":39}},"1":{"start":{"line":35,"column":0},"end":{"line":35,"column":39}},"2":{"start":{"line":36,"column":0},"end":{"line":36,"column":41}},"3":{"start":{"line":37,"column":0},"end":{"line":37,"column":41}},"4":{"start":{"line":59,"column":34},"end":{"line":59,"column":72}},"5":{"start":{"line":60,"column":8},"end":{"line":60,"column":36}},"6":{"start":{"line":61,"column":8},"end":{"line":61,"column":47}},"7":{"start":{"line":62,"column":22},"end":{"line":62,"column":44}},"8":{"start":{"line":64,"column":8},"end":{"line":67,"column":12}},"9":{"start":{"line":66,"column":60},"end":{"line":66,"column":84}},"10":{"start":{"line":69,"column":31},"end":{"line":69,"column":80}},"11":{"start":{"line":57,"column":0},"end":{"line":70,"column":1}}},"fnMap":{"0":{"name":"(anonymous_0)","decl":{"start":{"line":58,"column":4},"end":{"line":58,"column":12}},"loc":{"start":{"line":58,"column":37},"end":{"line":68,"column":5}}},"1":{"name":"(anonymous_1)","decl":{"start":{"line":66,"column":36},"end":{"line":66,"column":37}},"loc":{"start":{"line":66,"column":60},"end":{"line":66,"column":84}}},"2":{"name":"(anonymous_2)","decl":{"start":{"line":69,"column":4},"end":{"line":69,"column":7}},"loc":{"start":{"line":69,"column":20},"end":{"line":69,"column":82}}}},"branchMap":{"0":{"loc":{"start":{"line":61,"column":24},"end":{"line":61,"column":38}},"type":"binary-expr","locations":[{"start":{"line":61,"column":24},"end":{"line":61,"column":38}},{"start":{"line":61,"column":42},"end":{"line":61,"column":44}}]},"1":{"loc":{"start":{"line":62,"column":22},"end":{"line":62,"column":38}},"type":"binary-expr","locations":[{"start":{"line":62,"column":22},"end":{"line":62,"column":38}},{"start":{"line":62,"column":42},"end":{"line":62,"column":44}}]}},"s":{"0":12,"1":12,"2":12,"3":12,"4":5,"5":5,"6":5,"7":5,"8":5,"9":19,"10":1,"11":12},"f":{"0":5,"1":19,"2":1},"b":{"0":[5,5],"1":[5,5]}}
,"/Users/sth1pal/Documents/Development/JavaScript/nodejs/ts6/dev/hsLibs/mithril/hsWidget/src/Selector.ts": {"path":"/Users/sth1pal/Documents/Development/JavaScript/nodejs/ts6/dev/hsLibs/mithril/hsWidget/src/Selector.ts","statementMap":{"0":{"start":{"line":22,"column":0},"end":{"line":22,"column":28}},"1":{"start":{"line":65,"column":4},"end":{"line":67,"column":7}},"2":{"start":{"line":66,"column":8},"end":{"line":66,"column":51}},"3":{"start":{"line":64,"column":0},"end":{"line":68,"column":1}},"4":{"start":{"line":75,"column":4},"end":{"line":75,"column":65}},"5":{"start":{"line":74,"column":0},"end":{"line":76,"column":1}},"6":{"start":{"line":89,"column":12},"end":{"line":89,"column":64}},"7":{"start":{"line":94,"column":12},"end":{"line":94,"column":48}},"8":{"start":{"line":97,"column":8},"end":{"line":97,"column":56}},"9":{"start":{"line":98,"column":8},"end":{"line":98,"column":38}},"10":{"start":{"line":99,"column":8},"end":{"line":99,"column":122}},"11":{"start":{"line":99,"column":57},"end":{"line":99,"column":120}},"12":{"start":{"line":100,"column":8},"end":{"line":100,"column":37}},"13":{"start":{"line":101,"column":8},"end":{"line":101,"column":20}},"14":{"start":{"line":106,"column":8},"end":{"line":112,"column":9}},"15":{"start":{"line":107,"column":12},"end":{"line":111,"column":13}},"16":{"start":{"line":108,"column":16},"end":{"line":108,"column":85}},"17":{"start":{"line":110,"column":16},"end":{"line":110,"column":70}},"18":{"start":{"line":116,"column":8},"end":{"line":116,"column":33}},"19":{"start":{"line":117,"column":8},"end":{"line":117,"column":37}},"20":{"start":{"line":118,"column":8},"end":{"line":118,"column":59}},"21":{"start":{"line":122,"column":24},"end":{"line":127,"column":9}},"22":{"start":{"line":122,"column":57},"end":{"line":127,"column":9}},"23":{"start":{"line":123,"column":12},"end":{"line":123,"column":49}},"24":{"start":{"line":124,"column":12},"end":{"line":126,"column":13}},"25":{"start":{"line":125,"column":16},"end":{"line":125,"column":31}},"26":{"start":{"line":128,"column":25},"end":{"line":128,"column":44}},"27":{"start":{"line":129,"column":24},"end":{"line":129,"column":42}},"28":{"start":{"line":131,"column":8},"end":{"line":131,"column":37}},"29":{"start":{"line":132,"column":8},"end":{"line":139,"column":11}},"30":{"start":{"line":82,"column":0},"end":{"line":141,"column":1}},"31":{"start":{"line":150,"column":26},"end":{"line":150,"column":45}},"32":{"start":{"line":151,"column":26},"end":{"line":151,"column":69}},"33":{"start":{"line":152,"column":26},"end":{"line":152,"column":106}},"34":{"start":{"line":152,"column":55},"end":{"line":152,"column":90}},"35":{"start":{"line":153,"column":26},"end":{"line":153,"column":106}},"36":{"start":{"line":153,"column":55},"end":{"line":153,"column":92}},"37":{"start":{"line":154,"column":26},"end":{"line":154,"column":106}},"38":{"start":{"line":154,"column":55},"end":{"line":154,"column":90}},"39":{"start":{"line":155,"column":4},"end":{"line":158,"column":6}},"40":{"start":{"line":149,"column":0},"end":{"line":159,"column":1}}},"fnMap":{"0":{"name":"oneOfItems","decl":{"start":{"line":64,"column":0},"end":{"line":64,"column":26}},"loc":{"start":{"line":64,"column":70},"end":{"line":68,"column":1}}},"1":{"name":"(anonymous_1)","decl":{"start":{"line":65,"column":36},"end":{"line":65,"column":37}},"loc":{"start":{"line":65,"column":51},"end":{"line":67,"column":5}}},"2":{"name":"anyItems","decl":{"start":{"line":74,"column":0},"end":{"line":74,"column":24}},"loc":{"start":{"line":74,"column":68},"end":{"line":76,"column":1}}},"3":{"name":"(anonymous_3)","decl":{"start":{"line":82,"column":0},"end":{"line":null,"column":-1}},"loc":{"start":{"line":82,"column":0},"end":{"line":141,"column":1}}},"4":{"name":"(anonymous_4)","decl":{"start":{"line":96,"column":4},"end":{"line":96,"column":7}},"loc":{"start":{"line":96,"column":64},"end":{"line":102,"column":5}}},"5":{"name":"(anonymous_5)","decl":{"start":{"line":99,"column":40},"end":{"line":99,"column":41}},"loc":{"start":{"line":99,"column":57},"end":{"line":99,"column":120}}},"6":{"name":"(anonymous_6)","decl":{"start":{"line":105,"column":4},"end":{"line":105,"column":20}},"loc":{"start":{"line":105,"column":39},"end":{"line":113,"column":5}}},"7":{"name":"(anonymous_7)","decl":{"start":{"line":115,"column":4},"end":{"line":115,"column":22}},"loc":{"start":{"line":115,"column":54},"end":{"line":119,"column":5}}},"8":{"name":"(anonymous_8)","decl":{"start":{"line":121,"column":4},"end":{"line":121,"column":13}},"loc":{"start":{"line":121,"column":42},"end":{"line":140,"column":5}}},"9":{"name":"(anonymous_9)","decl":{"start":{"line":122,"column":24},"end":{"line":122,"column":25}},"loc":{"start":{"line":122,"column":57},"end":{"line":127,"column":9}}},"10":{"name":"(anonymous_10)","decl":{"start":{"line":122,"column":57},"end":{"line":122,"column":58}},"loc":{"start":{"line":122,"column":73},"end":{"line":127,"column":9}}},"11":{"name":"selectable","decl":{"start":{"line":149,"column":0},"end":{"line":149,"column":26}},"loc":{"start":{"line":149,"column":51},"end":{"line":159,"column":1}}},"12":{"name":"(anonymous_12)","decl":{"start":{"line":152,"column":47},"end":{"line":152,"column":49}},"loc":{"start":{"line":152,"column":52},"end":{"line":152,"column":92}}},"13":{"name":"(anonymous_13)","decl":{"start":{"line":153,"column":47},"end":{"line":153,"column":49}},"loc":{"start":{"line":153,"column":52},"end":{"line":153,"column":94}}},"14":{"name":"(anonymous_14)","decl":{"start":{"line":154,"column":47},"end":{"line":154,"column":49}},"loc":{"start":{"line":154,"column":52},"end":{"line":154,"column":92}}}},"branchMap":{"0":{"loc":{"start":{"line":96,"column":54},"end":{"line":96,"column":64}},"type":"default-arg","locations":[{"start":{"line":96,"column":54},"end":{"line":96,"column":64}}]},"1":{"loc":{"start":{"line":98,"column":21},"end":{"line":98,"column":31}},"type":"binary-expr","locations":[{"start":{"line":98,"column":21},"end":{"line":98,"column":31}},{"start":{"line":98,"column":35},"end":{"line":98,"column":37}}]},"2":{"loc":{"start":{"line":99,"column":23},"end":{"line":99,"column":35}},"type":"binary-expr","locations":[{"start":{"line":99,"column":23},"end":{"line":99,"column":35}},{"start":{"line":99,"column":40},"end":{"line":99,"column":120}}]},"3":{"loc":{"start":{"line":106,"column":8},"end":{"line":112,"column":9}},"type":"if","locations":[{"start":{"line":106,"column":8},"end":{"line":112,"column":9}},{"start":{"line":106,"column":8},"end":{"line":112,"column":9}}]},"4":{"loc":{"start":{"line":107,"column":12},"end":{"line":111,"column":13}},"type":"if","locations":[{"start":{"line":107,"column":12},"end":{"line":111,"column":13}},{"start":{"line":107,"column":12},"end":{"line":111,"column":13}}]},"5":{"loc":{"start":{"line":110,"column":36},"end":{"line":110,"column":52}},"type":"binary-expr","locations":[{"start":{"line":110,"column":36},"end":{"line":110,"column":52}},{"start":{"line":110,"column":56},"end":{"line":110,"column":69}}]},"6":{"loc":{"start":{"line":124,"column":12},"end":{"line":126,"column":13}},"type":"if","locations":[{"start":{"line":124,"column":12},"end":{"line":126,"column":13}},{"start":{"line":124,"column":12},"end":{"line":126,"column":13}}]},"7":{"loc":{"start":{"line":128,"column":25},"end":{"line":128,"column":38}},"type":"binary-expr","locations":[{"start":{"line":128,"column":25},"end":{"line":128,"column":38}},{"start":{"line":128,"column":42},"end":{"line":128,"column":44}}]},"8":{"loc":{"start":{"line":129,"column":24},"end":{"line":129,"column":36}},"type":"binary-expr","locations":[{"start":{"line":129,"column":24},"end":{"line":129,"column":36}},{"start":{"line":129,"column":40},"end":{"line":129,"column":42}}]},"9":{"loc":{"start":{"line":135,"column":44},"end":{"line":135,"column":95}},"type":"cond-expr","locations":[{"start":{"line":135,"column":44},"end":{"line":135,"column":95}},{"start":{"line":135,"column":99},"end":{"line":135,"column":104}}]},"10":{"loc":{"start":{"line":150,"column":26},"end":{"line":150,"column":39}},"type":"binary-expr","locations":[{"start":{"line":150,"column":26},"end":{"line":150,"column":39}},{"start":{"line":150,"column":43},"end":{"line":150,"column":45}}]},"11":{"loc":{"start":{"line":151,"column":50},"end":{"line":151,"column":63}},"type":"cond-expr","locations":[{"start":{"line":151,"column":50},"end":{"line":151,"column":63}},{"start":{"line":151,"column":65},"end":{"line":151,"column":67}}]},"12":{"loc":{"start":{"line":152,"column":47},"end":{"line":152,"column":92}},"type":"cond-expr","locations":[{"start":{"line":152,"column":47},"end":{"line":152,"column":92}},{"start":{"line":152,"column":97},"end":{"line":152,"column":106}}]},"13":{"loc":{"start":{"line":153,"column":47},"end":{"line":153,"column":94}},"type":"cond-expr","locations":[{"start":{"line":153,"column":47},"end":{"line":153,"column":94}},{"start":{"line":153,"column":97},"end":{"line":153,"column":106}}]},"14":{"loc":{"start":{"line":154,"column":47},"end":{"line":154,"column":92}},"type":"cond-expr","locations":[{"start":{"line":154,"column":47},"end":{"line":154,"column":92}},{"start":{"line":154,"column":97},"end":{"line":154,"column":106}}]}},"s":{"0":12,"1":11,"2":0,"3":12,"4":0,"5":12,"6":7,"7":7,"8":7,"9":7,"10":7,"11":0,"12":7,"13":7,"14":39,"15":7,"16":0,"17":7,"18":11,"19":11,"20":11,"21":21,"22":63,"23":7,"24":7,"25":7,"26":21,"27":21,"28":21,"29":21,"30":12,"31":21,"32":21,"33":21,"34":7,"35":21,"36":0,"37":21,"38":0,"39":21,"40":12},"f":{"0":11,"1":0,"2":0,"3":7,"4":7,"5":0,"6":39,"7":11,"8":21,"9":63,"10":7,"11":21,"12":7,"13":0,"14":0},"b":{"0":[0],"1":[7,0],"2":[7,0],"3":[7,32],"4":[0,7],"5":[7,7],"6":[7,0],"7":[21,0],"8":[21,21],"9":[21,0],"10":[21,21],"11":[7,14],"12":[21,0],"13":[21,0],"14":[21,0]}}
,"/Users/sth1pal/Documents/Development/JavaScript/nodejs/ts6/dev/hsLibs/mithril/hsWidget/src/Slider.ts": {"path":"/Users/sth1pal/Documents/Development/JavaScript/nodejs/ts6/dev/hsLibs/mithril/hsWidget/src/Slider.ts","statementMap":{"0":{"start":{"line":43,"column":0},"end":{"line":43,"column":35}},"1":{"start":{"line":65,"column":12},"end":{"line":65,"column":36}},"2":{"start":{"line":66,"column":12},"end":{"line":66,"column":31}},"3":{"start":{"line":67,"column":12},"end":{"line":70,"column":6}},"4":{"start":{"line":102,"column":11},"end":{"line":106,"column":10}},"5":{"start":{"line":103,"column":8},"end":{"line":106,"column":10}},"6":{"start":{"line":108,"column":11},"end":{"line":112,"column":5}},"7":{"start":{"line":109,"column":22},"end":{"line":109,"column":44}},"8":{"start":{"line":110,"column":21},"end":{"line":110,"column":52}},"9":{"start":{"line":111,"column":8},"end":{"line":111,"column":90}},"10":{"start":{"line":114,"column":11},"end":{"line":115,"column":37}},"11":{"start":{"line":115,"column":8},"end":{"line":115,"column":36}},"12":{"start":{"line":72,"column":8},"end":{"line":72,"column":35}},"13":{"start":{"line":73,"column":8},"end":{"line":73,"column":37}},"14":{"start":{"line":76,"column":8},"end":{"line":81,"column":9}},"15":{"start":{"line":77,"column":26},"end":{"line":77,"column":53}},"16":{"start":{"line":78,"column":12},"end":{"line":78,"column":80}},"17":{"start":{"line":79,"column":12},"end":{"line":79,"column":36}},"18":{"start":{"line":80,"column":0},"end":{"line":80,"column":80}},"19":{"start":{"line":84,"column":8},"end":{"line":84,"column":26}},"20":{"start":{"line":85,"column":8},"end":{"line":85,"column":28}},"21":{"start":{"line":86,"column":8},"end":{"line":86,"column":45}},"22":{"start":{"line":90,"column":8},"end":{"line":99,"column":9}},"23":{"start":{"line":91,"column":22},"end":{"line":91,"column":74}},"24":{"start":{"line":92,"column":12},"end":{"line":92,"column":41}},"25":{"start":{"line":93,"column":12},"end":{"line":93,"column":45}},"26":{"start":{"line":95,"column":47},"end":{"line":95,"column":57}},"27":{"start":{"line":96,"column":22},"end":{"line":96,"column":95}},"28":{"start":{"line":97,"column":12},"end":{"line":97,"column":95}},"29":{"start":{"line":98,"column":12},"end":{"line":98,"column":30}},"30":{"start":{"line":118,"column":20},"end":{"line":118,"column":40}},"31":{"start":{"line":119,"column":8},"end":{"line":119,"column":44}},"32":{"start":{"line":120,"column":8},"end":{"line":120,"column":44}},"33":{"start":{"line":121,"column":8},"end":{"line":126,"column":31}},"34":{"start":{"line":63,"column":0},"end":{"line":128,"column":1}}},"fnMap":{"0":{"name":"(anonymous_0)","decl":{"start":{"line":63,"column":0},"end":{"line":null,"column":-1}},"loc":{"start":{"line":63,"column":0},"end":{"line":128,"column":1}}},"1":{"name":"(anonymous_1)","decl":{"start":{"line":102,"column":26},"end":{"line":102,"column":35}},"loc":{"start":{"line":103,"column":8},"end":{"line":106,"column":10}}},"2":{"name":"(anonymous_2)","decl":{"start":{"line":108,"column":26},"end":{"line":108,"column":27}},"loc":{"start":{"line":108,"column":88},"end":{"line":112,"column":5}}},"3":{"name":"(anonymous_3)","decl":{"start":{"line":114,"column":25},"end":{"line":114,"column":26}},"loc":{"start":{"line":115,"column":8},"end":{"line":115,"column":36}}},"4":{"name":"(anonymous_4)","decl":{"start":{"line":71,"column":12},"end":{"line":71,"column":20}},"loc":{"start":{"line":71,"column":27},"end":{"line":74,"column":5}}},"5":{"name":"(anonymous_5)","decl":{"start":{"line":75,"column":12},"end":{"line":75,"column":20}},"loc":{"start":{"line":75,"column":27},"end":{"line":82,"column":5}}},"6":{"name":"(anonymous_6)","decl":{"start":{"line":83,"column":12},"end":{"line":83,"column":18}},"loc":{"start":{"line":83,"column":25},"end":{"line":87,"column":5}}},"7":{"name":"(anonymous_7)","decl":{"start":{"line":89,"column":12},"end":{"line":89,"column":17}},"loc":{"start":{"line":89,"column":38},"end":{"line":100,"column":1}}},"8":{"name":"(anonymous_8)","decl":{"start":{"line":117,"column":4},"end":{"line":117,"column":7}},"loc":{"start":{"line":117,"column":20},"end":{"line":127,"column":5}}}},"branchMap":{"0":{"loc":{"start":{"line":110,"column":39},"end":{"line":110,"column":40}},"type":"cond-expr","locations":[{"start":{"line":110,"column":39},"end":{"line":110,"column":40}},{"start":{"line":110,"column":43},"end":{"line":110,"column":52}}]},"1":{"loc":{"start":{"line":76,"column":8},"end":{"line":81,"column":9}},"type":"if","locations":[{"start":{"line":76,"column":8},"end":{"line":81,"column":9}},{"start":{"line":76,"column":8},"end":{"line":81,"column":9}}]},"2":{"loc":{"start":{"line":90,"column":8},"end":{"line":99,"column":9}},"type":"if","locations":[{"start":{"line":90,"column":8},"end":{"line":99,"column":9}},{"start":{"line":90,"column":8},"end":{"line":99,"column":9}}]},"3":{"loc":{"start":{"line":90,"column":13},"end":{"line":90,"column":34}},"type":"binary-expr","locations":[{"start":{"line":90,"column":13},"end":{"line":90,"column":34}},{"start":{"line":90,"column":40},"end":{"line":90,"column":72}}]},"4":{"loc":{"start":{"line":118,"column":20},"end":{"line":118,"column":34}},"type":"binary-expr","locations":[{"start":{"line":118,"column":20},"end":{"line":118,"column":34}},{"start":{"line":118,"column":38},"end":{"line":118,"column":40}}]},"5":{"loc":{"start":{"line":119,"column":21},"end":{"line":119,"column":37}},"type":"binary-expr","locations":[{"start":{"line":119,"column":21},"end":{"line":119,"column":37}},{"start":{"line":119,"column":41},"end":{"line":119,"column":43}}]}},"s":{"0":11,"1":0,"2":0,"3":0,"4":0,"5":0,"6":0,"7":0,"8":0,"9":0,"10":0,"11":0,"12":0,"13":0,"14":0,"15":0,"16":0,"17":0,"18":0,"19":0,"20":0,"21":0,"22":0,"23":0,"24":0,"25":0,"26":0,"27":0,"28":0,"29":0,"30":0,"31":0,"32":0,"33":0,"34":11},"f":{"0":0,"1":0,"2":0,"3":0,"4":0,"5":0,"6":0,"7":0,"8":0},"b":{"0":[0,0],"1":[0,0],"2":[0,0],"3":[0,0],"4":[0,0],"5":[0,0]}}
,"/Users/sth1pal/Documents/Development/JavaScript/nodejs/ts6/dev/hsLibs/mithril/hsWidget/src/ToggleButton.ts": {"path":"/Users/sth1pal/Documents/Development/JavaScript/nodejs/ts6/dev/hsLibs/mithril/hsWidget/src/ToggleButton.ts","statementMap":{"0":{"start":{"line":34,"column":0},"end":{"line":34,"column":39}},"1":{"start":{"line":35,"column":0},"end":{"line":35,"column":41}},"2":{"start":{"line":36,"column":0},"end":{"line":36,"column":41}},"3":{"start":{"line":56,"column":12},"end":{"line":56,"column":29}},"4":{"start":{"line":57,"column":12},"end":{"line":57,"column":27}},"5":{"start":{"line":59,"column":21},"end":{"line":59,"column":59}},"6":{"start":{"line":60,"column":8},"end":{"line":60,"column":36}},"7":{"start":{"line":61,"column":20},"end":{"line":61,"column":40}},"8":{"start":{"line":62,"column":22},"end":{"line":62,"column":44}},"9":{"start":{"line":65,"column":30},"end":{"line":65,"column":42}},"10":{"start":{"line":66,"column":8},"end":{"line":71,"column":11}},"11":{"start":{"line":67,"column":12},"end":{"line":67,"column":72}},"12":{"start":{"line":68,"column":12},"end":{"line":68,"column":48}},"13":{"start":{"line":69,"column":12},"end":{"line":69,"column":49}},"14":{"start":{"line":70,"column":12},"end":{"line":70,"column":55}},"15":{"start":{"line":70,"column":33},"end":{"line":70,"column":53}},"16":{"start":{"line":73,"column":8},"end":{"line":73,"column":57}},"17":{"start":{"line":73,"column":34},"end":{"line":73,"column":55}},"18":{"start":{"line":75,"column":8},"end":{"line":75,"column":69}},"19":{"start":{"line":75,"column":31},"end":{"line":75,"column":68}},"20":{"start":{"line":76,"column":8},"end":{"line":76,"column":51}},"21":{"start":{"line":76,"column":31},"end":{"line":76,"column":50}},"22":{"start":{"line":78,"column":8},"end":{"line":80,"column":11}},"23":{"start":{"line":55,"column":0},"end":{"line":82,"column":1}}},"fnMap":{"0":{"name":"(anonymous_0)","decl":{"start":{"line":55,"column":0},"end":{"line":null,"column":-1}},"loc":{"start":{"line":55,"column":0},"end":{"line":82,"column":1}}},"1":{"name":"(anonymous_1)","decl":{"start":{"line":58,"column":4},"end":{"line":58,"column":7}},"loc":{"start":{"line":58,"column":20},"end":{"line":81,"column":5}}},"2":{"name":"(anonymous_2)","decl":{"start":{"line":66,"column":24},"end":{"line":66,"column":25}},"loc":{"start":{"line":66,"column":40},"end":{"line":71,"column":9}}},"3":{"name":"(anonymous_3)","decl":{"start":{"line":75,"column":25},"end":{"line":75,"column":27}},"loc":{"start":{"line":75,"column":31},"end":{"line":75,"column":68}}},"4":{"name":"(anonymous_4)","decl":{"start":{"line":76,"column":25},"end":{"line":76,"column":27}},"loc":{"start":{"line":76,"column":31},"end":{"line":76,"column":50}}}},"branchMap":{"0":{"loc":{"start":{"line":61,"column":20},"end":{"line":61,"column":34}},"type":"binary-expr","locations":[{"start":{"line":61,"column":20},"end":{"line":61,"column":34}},{"start":{"line":61,"column":38},"end":{"line":61,"column":40}}]},"1":{"loc":{"start":{"line":62,"column":22},"end":{"line":62,"column":38}},"type":"binary-expr","locations":[{"start":{"line":62,"column":22},"end":{"line":62,"column":38}},{"start":{"line":62,"column":42},"end":{"line":62,"column":44}}]},"2":{"loc":{"start":{"line":70,"column":12},"end":{"line":70,"column":55}},"type":"if","locations":[{"start":{"line":70,"column":12},"end":{"line":70,"column":55}},{"start":{"line":70,"column":12},"end":{"line":70,"column":55}}]},"3":{"loc":{"start":{"line":73,"column":8},"end":{"line":73,"column":57}},"type":"if","locations":[{"start":{"line":73,"column":8},"end":{"line":73,"column":57}},{"start":{"line":73,"column":8},"end":{"line":73,"column":57}}]}},"s":{"0":11,"1":11,"2":11,"3":2,"4":2,"5":2,"6":2,"7":2,"8":2,"9":2,"10":2,"11":4,"12":4,"13":4,"14":4,"15":4,"16":2,"17":2,"18":2,"19":0,"20":2,"21":0,"22":2,"23":11},"f":{"0":2,"1":2,"2":4,"3":0,"4":0},"b":{"0":[2,2],"1":[2,2],"2":[4,0],"3":[2,0]}}
,"/Users/sth1pal/Documents/Development/JavaScript/nodejs/ts6/dev/hsLibs/mithril/hsWidget/src/ToolbarButton.ts": {"path":"/Users/sth1pal/Documents/Development/JavaScript/nodejs/ts6/dev/hsLibs/mithril/hsWidget/src/ToolbarButton.ts","statementMap":{"0":{"start":{"line":76,"column":0},"end":{"line":76,"column":35}},"1":{"start":{"line":78,"column":13},"end":{"line":109,"column":2}},"2":{"start":{"line":112,"column":26},"end":{"line":112,"column":37}},"3":{"start":{"line":114,"column":8},"end":{"line":114,"column":65}},"4":{"start":{"line":117,"column":8},"end":{"line":127,"column":9}},"5":{"start":{"line":118,"column":12},"end":{"line":121,"column":14}},"6":{"start":{"line":123,"column":12},"end":{"line":126,"column":14}},"7":{"start":{"line":125,"column":58},"end":{"line":125,"column":70}},"8":{"start":{"line":111,"column":0},"end":{"line":129,"column":1}}},"fnMap":{"0":{"name":"(anonymous_0)","decl":{"start":{"line":112,"column":4},"end":{"line":112,"column":25}},"loc":{"start":{"line":112,"column":37},"end":{"line":112,"column":41}}},"1":{"name":"(anonymous_1)","decl":{"start":{"line":113,"column":4},"end":{"line":113,"column":9}},"loc":{"start":{"line":113,"column":32},"end":{"line":115,"column":5}}},"2":{"name":"(anonymous_2)","decl":{"start":{"line":116,"column":4},"end":{"line":116,"column":7}},"loc":{"start":{"line":116,"column":19},"end":{"line":128,"column":5}}},"3":{"name":"(anonymous_3)","decl":{"start":{"line":125,"column":43},"end":{"line":125,"column":44}},"loc":{"start":{"line":125,"column":58},"end":{"line":125,"column":70}}}},"branchMap":{"0":{"loc":{"start":{"line":112,"column":34},"end":{"line":112,"column":37}},"type":"default-arg","locations":[{"start":{"line":112,"column":34},"end":{"line":112,"column":37}}]},"1":{"loc":{"start":{"line":114,"column":36},"end":{"line":114,"column":59}},"type":"cond-expr","locations":[{"start":{"line":114,"column":36},"end":{"line":114,"column":59}},{"start":{"line":114,"column":62},"end":{"line":114,"column":64}}]},"2":{"loc":{"start":{"line":117,"column":8},"end":{"line":127,"column":9}},"type":"if","locations":[{"start":{"line":117,"column":8},"end":{"line":127,"column":9}},{"start":{"line":117,"column":8},"end":{"line":127,"column":9}}]}},"s":{"0":11,"1":11,"2":1,"3":1,"4":1,"5":1,"6":0,"7":0,"8":11},"f":{"0":1,"1":1,"2":1,"3":0},"b":{"0":[0],"1":[1,0],"2":[1,0]}}
,"/Users/sth1pal/Documents/Development/JavaScript/nodejs/ts6/dev/hsLibs/mithril/hsWidget/src/TypeAhead.ts": {"path":"/Users/sth1pal/Documents/Development/JavaScript/nodejs/ts6/dev/hsLibs/mithril/hsWidget/src/TypeAhead.ts","statementMap":{"0":{"start":{"line":43,"column":0},"end":{"line":43,"column":35}},"1":{"start":{"line":47,"column":15},"end":{"line":47,"column":38}},"2":{"start":{"line":48,"column":24},"end":{"line":59,"column":10}},"3":{"start":{"line":49,"column":35},"end":{"line":49,"column":48}},"4":{"start":{"line":52,"column":12},"end":{"line":58,"column":13}},"5":{"start":{"line":53,"column":16},"end":{"line":53,"column":58}},"6":{"start":{"line":54,"column":19},"end":{"line":58,"column":13}},"7":{"start":{"line":55,"column":16},"end":{"line":55,"column":55}},"8":{"start":{"line":57,"column":16},"end":{"line":57,"column":49}},"9":{"start":{"line":60,"column":4},"end":{"line":60,"column":34}},"10":{"start":{"line":64,"column":11},"end":{"line":64,"column":30}},"11":{"start":{"line":69,"column":8},"end":{"line":74,"column":9}},"12":{"start":{"line":70,"column":12},"end":{"line":71,"column":63}},"13":{"start":{"line":71,"column":34},"end":{"line":71,"column":61}},"14":{"start":{"line":73,"column":12},"end":{"line":73,"column":40}},"15":{"start":{"line":66,"column":8},"end":{"line":66,"column":42}},"16":{"start":{"line":79,"column":4},"end":{"line":79,"column":32}},"17":{"start":{"line":80,"column":4},"end":{"line":80,"column":23}},"18":{"start":{"line":81,"column":4},"end":{"line":81,"column":15}},"19":{"start":{"line":84,"column":19},"end":{"line":84,"column":47}},"20":{"start":{"line":85,"column":25},"end":{"line":85,"column":72}},"21":{"start":{"line":85,"column":31},"end":{"line":85,"column":72}},"22":{"start":{"line":86,"column":23},"end":{"line":91,"column":9}},"23":{"start":{"line":88,"column":12},"end":{"line":88,"column":77}},"24":{"start":{"line":89,"column":12},"end":{"line":89,"column":36}},"25":{"start":{"line":90,"column":12},"end":{"line":90,"column":76}},"26":{"start":{"line":92,"column":23},"end":{"line":95,"column":10}},"27":{"start":{"line":92,"column":36},"end":{"line":95,"column":9}},"28":{"start":{"line":93,"column":12},"end":{"line":93,"column":66}},"29":{"start":{"line":94,"column":12},"end":{"line":94,"column":51}},"30":{"start":{"line":96,"column":22},"end":{"line":106,"column":9}},"31":{"start":{"line":97,"column":22},"end":{"line":97,"column":47}},"32":{"start":{"line":98,"column":26},"end":{"line":98,"column":46}},"33":{"start":{"line":99,"column":32},"end":{"line":99,"column":60}},"34":{"start":{"line":100,"column":37},"end":{"line":100,"column":66}},"35":{"start":{"line":101,"column":12},"end":{"line":101,"column":84}},"36":{"start":{"line":101,"column":62},"end":{"line":101,"column":82}},"37":{"start":{"line":102,"column":12},"end":{"line":102,"column":101}},"38":{"start":{"line":102,"column":62},"end":{"line":102,"column":87}},"39":{"start":{"line":103,"column":12},"end":{"line":103,"column":50}},"40":{"start":{"line":104,"column":22},"end":{"line":104,"column":34}},"41":{"start":{"line":105,"column":12},"end":{"line":105,"column":53}},"42":{"start":{"line":107,"column":27},"end":{"line":117,"column":9}},"43":{"start":{"line":108,"column":22},"end":{"line":108,"column":47}},"44":{"start":{"line":109,"column":12},"end":{"line":116,"column":13}},"45":{"start":{"line":110,"column":16},"end":{"line":110,"column":32}},"46":{"start":{"line":111,"column":19},"end":{"line":116,"column":13}},"47":{"start":{"line":112,"column":30},"end":{"line":112,"column":47}},"48":{"start":{"line":113,"column":16},"end":{"line":115,"column":17}},"49":{"start":{"line":114,"column":20},"end":{"line":114,"column":45}},"50":{"start":{"line":118,"column":26},"end":{"line":126,"column":68}},"51":{"start":{"line":128,"column":8},"end":{"line":133,"column":11}},"52":{"start":{"line":132,"column":20},"end":{"line":132,"column":83}},"53":{"start":{"line":78,"column":0},"end":{"line":135,"column":1}}},"fnMap":{"0":{"name":"emphasize","decl":{"start":{"line":46,"column":0},"end":{"line":46,"column":18}},"loc":{"start":{"line":46,"column":44},"end":{"line":61,"column":1}}},"1":{"name":"(anonymous_1)","decl":{"start":{"line":49,"column":21},"end":{"line":49,"column":22}},"loc":{"start":{"line":49,"column":35},"end":{"line":49,"column":48}}},"2":{"name":"(anonymous_2)","decl":{"start":{"line":51,"column":13},"end":{"line":51,"column":14}},"loc":{"start":{"line":51,"column":26},"end":{"line":59,"column":9}}},"3":{"name":"(anonymous_3)","decl":{"start":{"line":68,"column":4},"end":{"line":68,"column":15}},"loc":{"start":{"line":68,"column":65},"end":{"line":75,"column":5}}},"4":{"name":"(anonymous_4)","decl":{"start":{"line":71,"column":18},"end":{"line":71,"column":19}},"loc":{"start":{"line":71,"column":34},"end":{"line":71,"column":61}}},"5":{"name":"(anonymous_5)","decl":{"start":{"line":65,"column":12},"end":{"line":65,"column":22}},"loc":{"start":{"line":65,"column":59},"end":{"line":67,"column":5}}},"6":{"name":"(anonymous_6)","decl":{"start":{"line":78,"column":0},"end":{"line":null,"column":-1}},"loc":{"start":{"line":78,"column":0},"end":{"line":135,"column":1}}},"7":{"name":"(anonymous_7)","decl":{"start":{"line":83,"column":4},"end":{"line":83,"column":7}},"loc":{"start":{"line":83,"column":19},"end":{"line":134,"column":5}}},"8":{"name":"(anonymous_8)","decl":{"start":{"line":85,"column":25},"end":{"line":85,"column":27}},"loc":{"start":{"line":85,"column":31},"end":{"line":85,"column":72}}},"9":{"name":"(anonymous_9)","decl":{"start":{"line":86,"column":23},"end":{"line":86,"column":24}},"loc":{"start":{"line":86,"column":36},"end":{"line":91,"column":9}}},"10":{"name":"(anonymous_10)","decl":{"start":{"line":92,"column":23},"end":{"line":92,"column":24}},"loc":{"start":{"line":92,"column":33},"end":{"line":95,"column":10}}},"11":{"name":"(anonymous_11)","decl":{"start":{"line":96,"column":22},"end":{"line":96,"column":23}},"loc":{"start":{"line":96,"column":32},"end":{"line":106,"column":9}}},"12":{"name":"(anonymous_12)","decl":{"start":{"line":101,"column":48},"end":{"line":101,"column":49}},"loc":{"start":{"line":101,"column":62},"end":{"line":101,"column":82}}},"13":{"name":"(anonymous_13)","decl":{"start":{"line":102,"column":48},"end":{"line":102,"column":49}},"loc":{"start":{"line":102,"column":62},"end":{"line":102,"column":87}}},"14":{"name":"(anonymous_14)","decl":{"start":{"line":107,"column":27},"end":{"line":107,"column":28}},"loc":{"start":{"line":107,"column":37},"end":{"line":117,"column":9}}},"15":{"name":"(anonymous_15)","decl":{"start":{"line":131,"column":63},"end":{"line":131,"column":64}},"loc":{"start":{"line":132,"column":20},"end":{"line":132,"column":83}}}},"branchMap":{"0":{"loc":{"start":{"line":52,"column":12},"end":{"line":58,"column":13}},"type":"if","locations":[{"start":{"line":52,"column":12},"end":{"line":58,"column":13}},{"start":{"line":52,"column":12},"end":{"line":58,"column":13}}]},"1":{"loc":{"start":{"line":54,"column":19},"end":{"line":58,"column":13}},"type":"if","locations":[{"start":{"line":54,"column":19},"end":{"line":58,"column":13}},{"start":{"line":54,"column":19},"end":{"line":58,"column":13}}]},"2":{"loc":{"start":{"line":69,"column":8},"end":{"line":74,"column":9}},"type":"if","locations":[{"start":{"line":69,"column":8},"end":{"line":74,"column":9}},{"start":{"line":69,"column":8},"end":{"line":74,"column":9}}]},"3":{"loc":{"start":{"line":66,"column":25},"end":{"line":66,"column":34}},"type":"cond-expr","locations":[{"start":{"line":66,"column":25},"end":{"line":66,"column":34}},{"start":{"line":66,"column":37},"end":{"line":66,"column":41}}]},"4":{"loc":{"start":{"line":90,"column":40},"end":{"line":90,"column":62}},"type":"cond-expr","locations":[{"start":{"line":90,"column":40},"end":{"line":90,"column":62}},{"start":{"line":90,"column":65},"end":{"line":90,"column":75}}]},"5":{"loc":{"start":{"line":92,"column":36},"end":{"line":95,"column":9}},"type":"if","locations":[{"start":{"line":92,"column":36},"end":{"line":95,"column":9}},{"start":{"line":92,"column":36},"end":{"line":95,"column":9}}]},"6":{"loc":{"start":{"line":102,"column":22},"end":{"line":102,"column":91}},"type":"binary-expr","locations":[{"start":{"line":102,"column":22},"end":{"line":102,"column":91}},{"start":{"line":102,"column":95},"end":{"line":102,"column":100}}]},"7":{"loc":{"start":{"line":109,"column":12},"end":{"line":116,"column":13}},"type":"if","locations":[{"start":{"line":109,"column":12},"end":{"line":116,"column":13}},{"start":{"line":109,"column":12},"end":{"line":116,"column":13}}]},"8":{"loc":{"start":{"line":111,"column":19},"end":{"line":116,"column":13}},"type":"if","locations":[{"start":{"line":111,"column":19},"end":{"line":116,"column":13}},{"start":{"line":111,"column":19},"end":{"line":116,"column":13}}]},"9":{"loc":{"start":{"line":113,"column":16},"end":{"line":115,"column":17}},"type":"if","locations":[{"start":{"line":113,"column":16},"end":{"line":115,"column":17}},{"start":{"line":113,"column":16},"end":{"line":115,"column":17}}]},"10":{"loc":{"start":{"line":118,"column":66},"end":{"line":118,"column":87}},"type":"cond-expr","locations":[{"start":{"line":118,"column":66},"end":{"line":118,"column":87}},{"start":{"line":118,"column":90},"end":{"line":118,"column":117}}]},"11":{"loc":{"start":{"line":122,"column":32},"end":{"line":122,"column":52}},"type":"binary-expr","locations":[{"start":{"line":122,"column":32},"end":{"line":122,"column":52}},{"start":{"line":122,"column":56},"end":{"line":122,"column":60}}]},"12":{"loc":{"start":{"line":126,"column":31},"end":{"line":126,"column":41}},"type":"cond-expr","locations":[{"start":{"line":126,"column":31},"end":{"line":126,"column":41}},{"start":{"line":126,"column":44},"end":{"line":126,"column":66}}]},"13":{"loc":{"start":{"line":130,"column":30},"end":{"line":130,"column":39}},"type":"cond-expr","locations":[{"start":{"line":130,"column":30},"end":{"line":130,"column":39}},{"start":{"line":131,"column":16},"end":{"line":132,"column":85}}]}},"s":{"0":11,"1":0,"2":0,"3":0,"4":0,"5":0,"6":0,"7":0,"8":0,"9":0,"10":0,"11":0,"12":0,"13":0,"14":0,"15":0,"16":0,"17":0,"18":0,"19":0,"20":0,"21":0,"22":0,"23":0,"24":0,"25":0,"26":0,"27":0,"28":0,"29":0,"30":0,"31":0,"32":0,"33":0,"34":0,"35":0,"36":0,"37":0,"38":0,"39":0,"40":0,"41":0,"42":0,"43":0,"44":0,"45":0,"46":0,"47":0,"48":0,"49":0,"50":0,"51":0,"52":0,"53":11},"f":{"0":0,"1":0,"2":0,"3":0,"4":0,"5":0,"6":0,"7":0,"8":0,"9":0,"10":0,"11":0,"12":0,"13":0,"14":0,"15":0},"b":{"0":[0,0],"1":[0,0],"2":[0,0],"3":[0,0],"4":[0,0],"5":[0,0],"6":[0,0],"7":[0,0],"8":[0,0],"9":[0,0],"10":[0,0],"11":[0,0],"12":[0,0],"13":[0,0]}}
,"/Users/sth1pal/Documents/Development/JavaScript/nodejs/ts6/dev/hsLibs/mithril/hsWidget/src/index.ts": {"path":"/Users/sth1pal/Documents/Development/JavaScript/nodejs/ts6/dev/hsLibs/mithril/hsWidget/src/index.ts","statementMap":{"0":{"start":{"line":8,"column":0},"end":{"line":8,"column":37}},"1":{"start":{"line":8,"column":9},"end":{"line":8,"column":13}},"2":{"start":{"line":9,"column":0},"end":{"line":9,"column":41}},"3":{"start":{"line":9,"column":9},"end":{"line":9,"column":21}},"4":{"start":{"line":10,"column":0},"end":{"line":10,"column":39}},"5":{"start":{"line":10,"column":9},"end":{"line":10,"column":15}},"6":{"start":{"line":11,"column":0},"end":{"line":11,"column":38}},"7":{"start":{"line":11,"column":9},"end":{"line":11,"column":14}},"8":{"start":{"line":12,"column":0},"end":{"line":12,"column":39}},"9":{"start":{"line":12,"column":9},"end":{"line":12,"column":15}},"10":{"start":{"line":13,"column":0},"end":{"line":13,"column":44}},"11":{"start":{"line":13,"column":9},"end":{"line":13,"column":20}},"12":{"start":{"line":14,"column":0},"end":{"line":14,"column":45}},"13":{"start":{"line":14,"column":9},"end":{"line":14,"column":21}},"14":{"start":{"line":15,"column":0},"end":{"line":15,"column":46}},"15":{"start":{"line":15,"column":9},"end":{"line":15,"column":22}},"16":{"start":{"line":16,"column":0},"end":{"line":16,"column":46}},"17":{"start":{"line":16,"column":9},"end":{"line":16,"column":22}},"18":{"start":{"line":17,"column":0},"end":{"line":17,"column":42}},"19":{"start":{"line":17,"column":9},"end":{"line":17,"column":18}},"20":{"start":{"line":18,"column":0},"end":{"line":18,"column":42}},"21":{"start":{"line":18,"column":9},"end":{"line":18,"column":21}},"22":{"start":{"line":19,"column":0},"end":{"line":19,"column":44}},"23":{"start":{"line":19,"column":9},"end":{"line":19,"column":20}},"24":{"start":{"line":20,"column":0},"end":{"line":20,"column":38}},"25":{"start":{"line":20,"column":9},"end":{"line":20,"column":14}},"26":{"start":{"line":21,"column":0},"end":{"line":21,"column":42}},"27":{"start":{"line":21,"column":9},"end":{"line":21,"column":18}}},"fnMap":{},"branchMap":{},"s":{"0":11,"1":11,"2":11,"3":11,"4":11,"5":11,"6":11,"7":11,"8":11,"9":11,"10":11,"11":11,"12":11,"13":11,"14":11,"15":11,"16":11,"17":11,"18":11,"19":11,"20":11,"21":11,"22":11,"23":11,"24":11,"25":11,"26":11,"27":11},"f":{},"b":{}}
}
