TN:
SF:/Users/sth1pal/Documents/Development/JavaScript/nodejs/ts6/dev/hsLibs/mithril/hsWidget/src/AddRemove.ts
FN:22,(anonymous_0)
FN:28,(anonymous_1)
FNF:2
FNH:0
FNDA:0,(anonymous_0)
FNDA:0,(anonymous_1)
DA:19,11
DA:21,11
DA:23,0
DA:27,11
DA:29,0
LF:5
LH:3
BRF:0
BRH:0
end_of_record
TN:
SF:/Users/sth1pal/Documents/Development/JavaScript/nodejs/ts6/dev/hsLibs/mithril/hsWidget/src/Button.ts
FN:49,(anonymous_0)
FNF:1
FNH:1
FNDA:1,(anonymous_0)
DA:33,11
DA:48,11
DA:50,1
DA:51,1
DA:52,1
DA:53,1
LF:6
LH:6
BRDA:51,0,0,1
BRDA:51,0,1,0
BRF:2
BRH:1
end_of_record
TN:
SF:/Users/sth1pal/Documents/Development/JavaScript/nodejs/ts6/dev/hsLibs/mithril/hsWidget/src/Collapsible.ts
FN:52,(anonymous_0)
FN:55,(anonymous_1)
FN:59,(anonymous_2)
FN:74,(anonymous_3)
FNF:4
FNH:4
FNDA:2,(anonymous_0)
FNDA:2,(anonymous_1)
FNDA:4,(anonymous_2)
FNDA:12,(anonymous_3)
DA:50,11
DA:52,11
DA:53,2
DA:54,2
DA:56,2
DA:57,2
DA:60,4
DA:61,4
DA:62,4
DA:63,4
DA:64,4
DA:65,2
DA:67,4
DA:68,4
DA:74,12
LF:15
LH:15
BRDA:64,0,0,2
BRDA:64,0,1,2
BRDA:64,1,0,4
BRDA:64,1,1,2
BRDA:67,2,0,2
BRDA:67,2,1,2
BRDA:70,3,0,2
BRDA:70,3,1,2
BRDA:70,4,0,1
BRDA:70,4,1,1
BRDA:72,5,0,2
BRDA:72,5,1,2
BRDA:72,6,0,1
BRDA:72,6,1,1
BRDA:74,7,0,4
BRDA:74,7,1,0
BRF:16
BRH:15
end_of_record
TN:
SF:/Users/sth1pal/Documents/Development/JavaScript/nodejs/ts6/dev/hsLibs/mithril/hsWidget/src/Label.ts
FN:46,(anonymous_0)
FNF:1
FNH:1
FNDA:1,(anonymous_0)
DA:33,11
DA:45,11
DA:47,1
DA:48,1
DA:49,1
DA:50,1
LF:6
LH:6
BRDA:47,0,0,1
BRDA:47,0,1,0
BRDA:48,1,0,1
BRDA:48,1,1,0
BRDA:49,2,0,1
BRDA:49,2,1,0
BRF:6
BRH:3
end_of_record
TN:
SF:/Users/sth1pal/Documents/Development/JavaScript/nodejs/ts6/dev/hsLibs/mithril/hsWidget/src/Menu.ts
FN:64,(anonymous_0)
FNF:1
FNH:1
FNDA:4,(anonymous_0)
DA:57,12
DA:63,12
DA:64,4
LF:3
LH:3
BRF:0
BRH:0
end_of_record
TN:
SF:/Users/sth1pal/Documents/Development/JavaScript/nodejs/ts6/dev/hsLibs/mithril/hsWidget/src/Modal.ts
FN:40,(anonymous_0)
FN:43,(anonymous_1)
FN:44,(anonymous_2)
FN:45,(anonymous_3)
FN:50,(anonymous_4)
FNF:5
FNH:5
FNDA:1,(anonymous_0)
FNDA:3,(anonymous_1)
FNDA:6,(anonymous_2)
FNDA:1,(anonymous_3)
FNDA:1,(anonymous_4)
DA:37,11
DA:38,11
DA:40,11
DA:41,1
DA:42,1
DA:44,6
DA:45,3
DA:46,1
DA:47,1
DA:48,1
DA:50,3
DA:51,1
DA:52,1
DA:53,1
DA:55,3
DA:56,3
DA:57,3
DA:58,3
DA:59,0
DA:60,3
DA:61,3
LF:21
LH:20
BRDA:52,0,0,1
BRDA:52,0,1,0
BRDA:55,1,0,3
BRDA:55,1,1,0
BRDA:56,2,0,3
BRDA:56,2,1,0
BRDA:58,3,0,3
BRDA:58,3,1,0
BRDA:61,4,0,2
BRDA:61,4,1,1
BRDA:63,5,0,0
BRDA:63,5,1,1
BRF:12
BRH:7
end_of_record
TN:
SF:/Users/sth1pal/Documents/Development/JavaScript/nodejs/ts6/dev/hsLibs/mithril/hsWidget/src/RadioButton.ts
FN:58,(anonymous_0)
FN:66,(anonymous_1)
FN:69,(anonymous_2)
FNF:3
FNH:3
FNDA:5,(anonymous_0)
FNDA:19,(anonymous_1)
FNDA:1,(anonymous_2)
DA:34,12
DA:35,12
DA:36,12
DA:37,12
DA:57,12
DA:59,5
DA:60,5
DA:61,5
DA:62,5
DA:64,5
DA:66,19
DA:69,1
LF:12
LH:12
BRDA:61,0,0,5
BRDA:61,0,1,5
BRDA:62,1,0,5
BRDA:62,1,1,5
BRF:4
BRH:4
end_of_record
TN:
SF:/Users/sth1pal/Documents/Development/JavaScript/nodejs/ts6/dev/hsLibs/mithril/hsWidget/src/Selector.ts
FN:64,oneOfItems
FN:65,(anonymous_1)
FN:74,anyItems
FN:82,(anonymous_3)
FN:96,(anonymous_4)
FN:99,(anonymous_5)
FN:105,(anonymous_6)
FN:115,(anonymous_7)
FN:121,(anonymous_8)
FN:122,(anonymous_9)
FN:122,(anonymous_10)
FN:149,selectable
FN:152,(anonymous_12)
FN:153,(anonymous_13)
FN:154,(anonymous_14)
FNF:15
FNH:10
FNDA:11,oneOfItems
FNDA:0,(anonymous_1)
FNDA:0,anyItems
FNDA:7,(anonymous_3)
FNDA:7,(anonymous_4)
FNDA:0,(anonymous_5)
FNDA:39,(anonymous_6)
FNDA:11,(anonymous_7)
FNDA:21,(anonymous_8)
FNDA:63,(anonymous_9)
FNDA:7,(anonymous_10)
FNDA:21,selectable
FNDA:7,(anonymous_12)
FNDA:0,(anonymous_13)
FNDA:0,(anonymous_14)
DA:22,12
DA:64,12
DA:65,11
DA:66,0
DA:74,12
DA:75,0
DA:82,12
DA:89,7
DA:94,7
DA:97,7
DA:98,7
DA:99,7
DA:100,7
DA:101,7
DA:106,39
DA:107,7
DA:108,0
DA:110,7
DA:116,11
DA:117,11
DA:118,11
DA:122,63
DA:123,7
DA:124,7
DA:125,7
DA:128,21
DA:129,21
DA:131,21
DA:132,21
DA:149,12
DA:150,21
DA:151,21
DA:152,21
DA:153,21
DA:154,21
DA:155,21
LF:36
LH:33
BRDA:96,0,0,0
BRDA:98,1,0,7
BRDA:98,1,1,0
BRDA:99,2,0,7
BRDA:99,2,1,0
BRDA:106,3,0,7
BRDA:106,3,1,32
BRDA:107,4,0,0
BRDA:107,4,1,7
BRDA:110,5,0,7
BRDA:110,5,1,7
BRDA:124,6,0,7
BRDA:124,6,1,0
BRDA:128,7,0,21
BRDA:128,7,1,0
BRDA:129,8,0,21
BRDA:129,8,1,21
BRDA:135,9,0,21
BRDA:135,9,1,0
BRDA:150,10,0,21
BRDA:150,10,1,21
BRDA:151,11,0,7
BRDA:151,11,1,14
BRDA:152,12,0,21
BRDA:152,12,1,0
BRDA:153,13,0,21
BRDA:153,13,1,0
BRDA:154,14,0,21
BRDA:154,14,1,0
BRF:29
BRH:19
end_of_record
TN:
SF:/Users/sth1pal/Documents/Development/JavaScript/nodejs/ts6/dev/hsLibs/mithril/hsWidget/src/Slider.ts
FN:63,(anonymous_0)
FN:102,(anonymous_1)
FN:108,(anonymous_2)
FN:114,(anonymous_3)
FN:71,(anonymous_4)
FN:75,(anonymous_5)
FN:83,(anonymous_6)
FN:89,(anonymous_7)
FN:117,(anonymous_8)
FNF:9
FNH:0
FNDA:0,(anonymous_0)
FNDA:0,(anonymous_1)
FNDA:0,(anonymous_2)
FNDA:0,(anonymous_3)
FNDA:0,(anonymous_4)
FNDA:0,(anonymous_5)
FNDA:0,(anonymous_6)
FNDA:0,(anonymous_7)
FNDA:0,(anonymous_8)
DA:43,11
DA:63,11
DA:65,0
DA:66,0
DA:67,0
DA:72,0
DA:73,0
DA:76,0
DA:77,0
DA:78,0
DA:79,0
DA:80,0
DA:84,0
DA:85,0
DA:86,0
DA:90,0
DA:91,0
DA:92,0
DA:93,0
DA:95,0
DA:96,0
DA:97,0
DA:98,0
DA:102,0
DA:103,0
DA:108,0
DA:109,0
DA:110,0
DA:111,0
DA:114,0
DA:115,0
DA:118,0
DA:119,0
DA:120,0
DA:121,0
LF:35
LH:2
BRDA:110,0,0,0
BRDA:110,0,1,0
BRDA:76,1,0,0
BRDA:76,1,1,0
BRDA:90,2,0,0
BRDA:90,2,1,0
BRDA:90,3,0,0
BRDA:90,3,1,0
BRDA:118,4,0,0
BRDA:118,4,1,0
BRDA:119,5,0,0
BRDA:119,5,1,0
BRF:12
BRH:0
end_of_record
TN:
SF:/Users/sth1pal/Documents/Development/JavaScript/nodejs/ts6/dev/hsLibs/mithril/hsWidget/src/ToggleButton.ts
FN:55,(anonymous_0)
FN:58,(anonymous_1)
FN:66,(anonymous_2)
FN:75,(anonymous_3)
FN:76,(anonymous_4)
FNF:5
FNH:3
FNDA:2,(anonymous_0)
FNDA:2,(anonymous_1)
FNDA:4,(anonymous_2)
FNDA:0,(anonymous_3)
FNDA:0,(anonymous_4)
DA:34,11
DA:35,11
DA:36,11
DA:55,11
DA:56,2
DA:57,2
DA:59,2
DA:60,2
DA:61,2
DA:62,2
DA:65,2
DA:66,2
DA:67,4
DA:68,4
DA:69,4
DA:70,4
DA:73,2
DA:75,2
DA:76,2
DA:78,2
LF:20
LH:20
BRDA:61,0,0,2
BRDA:61,0,1,2
BRDA:62,1,0,2
BRDA:62,1,1,2
BRDA:70,2,0,4
BRDA:70,2,1,0
BRDA:73,3,0,2
BRDA:73,3,1,0
BRF:8
BRH:6
end_of_record
TN:
SF:/Users/sth1pal/Documents/Development/JavaScript/nodejs/ts6/dev/hsLibs/mithril/hsWidget/src/ToolbarButton.ts
FN:112,(anonymous_0)
FN:113,(anonymous_1)
FN:116,(anonymous_2)
FN:125,(anonymous_3)
FNF:4
FNH:3
FNDA:1,(anonymous_0)
FNDA:1,(anonymous_1)
FNDA:1,(anonymous_2)
FNDA:0,(anonymous_3)
DA:76,11
DA:78,11
DA:111,11
DA:112,1
DA:114,1
DA:117,1
DA:118,1
DA:123,0
DA:125,0
LF:9
LH:7
BRDA:112,0,0,0
BRDA:114,1,0,1
BRDA:114,1,1,0
BRDA:117,2,0,1
BRDA:117,2,1,0
BRF:5
BRH:2
end_of_record
TN:
SF:/Users/sth1pal/Documents/Development/JavaScript/nodejs/ts6/dev/hsLibs/mithril/hsWidget/src/TypeAhead.ts
FN:46,emphasize
FN:49,(anonymous_1)
FN:51,(anonymous_2)
FN:68,(anonymous_3)
FN:71,(anonymous_4)
FN:65,(anonymous_5)
FN:78,(anonymous_6)
FN:83,(anonymous_7)
FN:85,(anonymous_8)
FN:86,(anonymous_9)
FN:92,(anonymous_10)
FN:96,(anonymous_11)
FN:101,(anonymous_12)
FN:102,(anonymous_13)
FN:107,(anonymous_14)
FN:131,(anonymous_15)
FNF:16
FNH:0
FNDA:0,emphasize
FNDA:0,(anonymous_1)
FNDA:0,(anonymous_2)
FNDA:0,(anonymous_3)
FNDA:0,(anonymous_4)
FNDA:0,(anonymous_5)
FNDA:0,(anonymous_6)
FNDA:0,(anonymous_7)
FNDA:0,(anonymous_8)
FNDA:0,(anonymous_9)
FNDA:0,(anonymous_10)
FNDA:0,(anonymous_11)
FNDA:0,(anonymous_12)
FNDA:0,(anonymous_13)
FNDA:0,(anonymous_14)
FNDA:0,(anonymous_15)
DA:43,11
DA:47,0
DA:48,0
DA:49,0
DA:52,0
DA:53,0
DA:54,0
DA:55,0
DA:57,0
DA:60,0
DA:64,0
DA:66,0
DA:69,0
DA:70,0
DA:71,0
DA:73,0
DA:78,11
DA:79,0
DA:80,0
DA:81,0
DA:84,0
DA:85,0
DA:86,0
DA:88,0
DA:89,0
DA:90,0
DA:92,0
DA:93,0
DA:94,0
DA:96,0
DA:97,0
DA:98,0
DA:99,0
DA:100,0
DA:101,0
DA:102,0
DA:103,0
DA:104,0
DA:105,0
DA:107,0
DA:108,0
DA:109,0
DA:110,0
DA:111,0
DA:112,0
DA:113,0
DA:114,0
DA:118,0
DA:128,0
DA:132,0
LF:50
LH:2
BRDA:52,0,0,0
BRDA:52,0,1,0
BRDA:54,1,0,0
BRDA:54,1,1,0
BRDA:69,2,0,0
BRDA:69,2,1,0
BRDA:66,3,0,0
BRDA:66,3,1,0
BRDA:90,4,0,0
BRDA:90,4,1,0
BRDA:92,5,0,0
BRDA:92,5,1,0
BRDA:102,6,0,0
BRDA:102,6,1,0
BRDA:109,7,0,0
BRDA:109,7,1,0
BRDA:111,8,0,0
BRDA:111,8,1,0
BRDA:113,9,0,0
BRDA:113,9,1,0
BRDA:118,10,0,0
BRDA:118,10,1,0
BRDA:122,11,0,0
BRDA:122,11,1,0
BRDA:126,12,0,0
BRDA:126,12,1,0
BRDA:130,13,0,0
BRDA:130,13,1,0
BRF:28
BRH:0
end_of_record
TN:
SF:/Users/sth1pal/Documents/Development/JavaScript/nodejs/ts6/dev/hsLibs/mithril/hsWidget/src/index.ts
FNF:0
FNH:0
DA:8,11
DA:9,11
DA:10,11
DA:11,11
DA:12,11
DA:13,11
DA:14,11
DA:15,11
DA:16,11
DA:17,11
DA:18,11
DA:19,11
DA:20,11
DA:21,11
LF:14
LH:14
BRF:0
BRH:0
end_of_record
