TN:
SF:/Users/sth1pal/Documents/Development/JavaScript/nodejs/ts6/dev/hsLibs/mithril/hsWidget/src/Button.ts
FN:49,(anonymous_0)
FNF:1
FNH:1
FNDA:1,(anonymous_0)
DA:33,10
DA:48,10
DA:50,1
DA:51,1
DA:52,1
DA:53,1
LF:6
LH:6
BRDA:51,0,0,1
BRDA:51,0,1,0
BRF:2
BRH:1
end_of_record
TN:
SF:/Users/sth1pal/Documents/Development/JavaScript/nodejs/ts6/dev/hsLibs/mithril/hsWidget/src/Collapsible.ts
FN:53,(anonymous_0)
FN:57,(anonymous_1)
FN:63,(anonymous_2)
FN:78,(anonymous_3)
FNF:4
FNH:4
FNDA:2,(anonymous_0)
FNDA:1,(anonymous_1)
FNDA:3,(anonymous_2)
FNDA:9,(anonymous_3)
DA:50,10
DA:52,10
DA:54,2
DA:58,1
DA:59,1
DA:64,3
DA:65,3
DA:66,3
DA:67,3
DA:68,3
DA:69,2
DA:71,3
DA:72,3
DA:78,9
LF:14
LH:14
BRDA:68,0,0,2
BRDA:68,0,1,1
BRDA:68,1,0,3
BRDA:68,1,1,2
BRDA:71,2,0,1
BRDA:71,2,1,2
BRDA:74,3,0,2
BRDA:74,3,1,1
BRDA:74,4,0,0
BRDA:74,4,1,1
BRDA:76,5,0,2
BRDA:76,5,1,1
BRDA:76,6,0,0
BRDA:76,6,1,1
BRDA:78,7,0,3
BRDA:78,7,1,0
BRF:16
BRH:13
end_of_record
TN:
SF:/Users/sth1pal/Documents/Development/JavaScript/nodejs/ts6/dev/hsLibs/mithril/hsWidget/src/Label.ts
FN:46,(anonymous_0)
FNF:1
FNH:1
FNDA:1,(anonymous_0)
DA:33,10
DA:45,10
DA:47,1
DA:48,1
DA:49,1
DA:50,1
LF:6
LH:6
BRDA:47,0,0,1
BRDA:47,0,1,0
BRDA:48,1,0,1
BRDA:48,1,1,0
BRDA:49,2,0,1
BRDA:49,2,1,0
BRF:6
BRH:3
end_of_record
TN:
SF:/Users/sth1pal/Documents/Development/JavaScript/nodejs/ts6/dev/hsLibs/mithril/hsWidget/src/Menu.ts
FN:64,(anonymous_0)
FNF:1
FNH:1
FNDA:4,(anonymous_0)
DA:57,11
DA:63,11
DA:64,4
LF:3
LH:3
BRF:0
BRH:0
end_of_record
TN:
SF:/Users/sth1pal/Documents/Development/JavaScript/nodejs/ts6/dev/hsLibs/mithril/hsWidget/src/Modal.ts
FN:41,(anonymous_0)
FN:45,(anonymous_1)
FN:46,(anonymous_2)
FN:47,(anonymous_3)
FN:51,(anonymous_4)
FNF:5
FNH:5
FNDA:1,(anonymous_0)
FNDA:3,(anonymous_1)
FNDA:3,(anonymous_2)
FNDA:1,(anonymous_3)
FNDA:1,(anonymous_4)
DA:37,10
DA:38,10
DA:40,10
DA:42,1
DA:43,1
DA:46,3
DA:47,3
DA:48,1
DA:49,1
DA:51,3
DA:52,1
DA:53,1
DA:55,3
DA:56,3
DA:57,3
DA:58,3
DA:59,0
DA:60,3
LF:18
LH:17
BRDA:53,0,0,1
BRDA:53,0,1,0
BRDA:55,1,0,3
BRDA:55,1,1,0
BRDA:56,2,0,3
BRDA:56,2,1,0
BRDA:58,3,0,3
BRDA:58,3,1,0
BRDA:60,4,0,2
BRDA:60,4,1,1
BRDA:62,5,0,0
BRDA:62,5,1,1
BRF:12
BRH:7
end_of_record
TN:
SF:/Users/sth1pal/Documents/Development/JavaScript/nodejs/ts6/dev/hsLibs/mithril/hsWidget/src/OptionsButton.ts
FN:55,(anonymous_0)
FN:62,(anonymous_1)
FN:65,(anonymous_2)
FNF:3
FNH:3
FNDA:5,(anonymous_0)
FNDA:15,(anonymous_1)
FNDA:5,(anonymous_2)
DA:32,10
DA:33,10
DA:34,10
DA:35,10
DA:54,10
DA:56,5
DA:57,5
DA:58,5
DA:60,5
DA:62,15
DA:65,5
LF:11
LH:11
BRDA:57,0,0,5
BRDA:57,0,1,5
BRDA:58,1,0,5
BRDA:58,1,1,5
BRF:4
BRH:4
end_of_record
TN:
SF:/Users/sth1pal/Documents/Development/JavaScript/nodejs/ts6/dev/hsLibs/mithril/hsWidget/src/RadioButton.ts
FN:57,(anonymous_0)
FN:61,(anonymous_1)
FN:68,(anonymous_2)
FN:71,(anonymous_3)
FNF:4
FNH:4
FNDA:5,(anonymous_0)
FNDA:5,(anonymous_1)
FNDA:19,(anonymous_2)
FNDA:1,(anonymous_3)
DA:34,11
DA:35,11
DA:36,11
DA:37,11
DA:56,11
DA:58,5
DA:59,5
DA:62,5
DA:63,5
DA:64,5
DA:66,5
DA:68,19
DA:71,1
LF:13
LH:13
BRDA:63,0,0,5
BRDA:63,0,1,5
BRDA:64,1,0,5
BRDA:64,1,1,5
BRF:4
BRH:4
end_of_record
TN:
SF:/Users/sth1pal/Documents/Development/JavaScript/nodejs/ts6/dev/hsLibs/mithril/hsWidget/src/Selector.ts
FN:69,oneOfItems
FN:70,(anonymous_1)
FN:79,anyItems
FN:92,(anonymous_3)
FN:105,(anonymous_4)
FN:115,(anonymous_5)
FN:119,(anonymous_6)
FN:129,(anonymous_7)
FN:130,(anonymous_8)
FN:130,(anonymous_9)
FN:159,renderSelectable
FN:160,(anonymous_11)
FN:161,(anonymous_12)
FN:162,(anonymous_13)
FNF:14
FNH:11
FNDA:11,oneOfItems
FNDA:29,(anonymous_1)
FNDA:4,anyItems
FNDA:8,(anonymous_3)
FNDA:26,(anonymous_4)
FNDA:12,(anonymous_5)
FNDA:0,(anonymous_6)
FNDA:36,(anonymous_7)
FNDA:108,(anonymous_8)
FNDA:11,(anonymous_9)
FNDA:36,renderSelectable
FNDA:11,(anonymous_11)
FNDA:0,(anonymous_12)
FNDA:0,(anonymous_13)
DA:22,11
DA:69,11
DA:70,11
DA:71,29
DA:79,11
DA:84,4
DA:91,11
DA:93,8
DA:105,8
DA:106,26
DA:110,26
DA:111,26
DA:116,12
DA:117,12
DA:118,12
DA:119,12
DA:120,12
DA:130,108
DA:131,11
DA:132,11
DA:133,11
DA:136,36
DA:137,36
DA:140,36
DA:159,11
DA:160,36
DA:161,36
DA:162,36
DA:163,36
LF:29
LH:29
BRDA:115,0,0,0
BRDA:118,1,0,12
BRDA:118,1,1,0
BRDA:119,2,0,12
BRDA:119,2,1,0
BRDA:132,3,0,11
BRDA:132,3,1,0
BRDA:136,4,0,36
BRDA:136,4,1,0
BRDA:137,5,0,36
BRDA:137,5,1,36
BRDA:144,6,0,36
BRDA:144,6,1,0
BRDA:160,7,0,36
BRDA:160,7,1,0
BRDA:161,8,0,36
BRDA:161,8,1,0
BRDA:162,9,0,36
BRDA:162,9,1,0
BRDA:163,10,0,36
BRDA:163,10,1,36
BRDA:163,11,0,6
BRDA:163,11,1,30
BRF:23
BRH:14
end_of_record
TN:
SF:/Users/sth1pal/Documents/Development/JavaScript/nodejs/ts6/dev/hsLibs/mithril/hsWidget/src/Slider.ts
FN:64,(anonymous_0)
FN:71,(anonymous_1)
FN:74,(anonymous_2)
FN:81,(anonymous_3)
FN:82,(anonymous_4)
FN:83,(anonymous_5)
FN:84,(anonymous_6)
FN:92,renderSlider
FN:99,renderMarker
FN:105,renderLabel
FN:111,getTargetOffset
FN:121,getValue
FN:129,mousedown
FN:142,mousemove
FN:149,mouseup
FN:156,mouseout
FN:162,notify
FNF:17
FNH:15
FNDA:2,(anonymous_0)
FNDA:0,(anonymous_1)
FNDA:11,(anonymous_2)
FNDA:4,(anonymous_3)
FNDA:4,(anonymous_4)
FNDA:0,(anonymous_5)
FNDA:1,(anonymous_6)
FNDA:11,renderSlider
FNDA:26,renderMarker
FNDA:26,renderLabel
FNDA:4,getTargetOffset
FNDA:9,getValue
FNDA:4,mousedown
FNDA:4,mousemove
FNDA:2,mouseup
FNDA:1,mouseout
FNDA:9,notify
DA:43,11
DA:63,11
DA:65,2
DA:75,11
DA:76,11
DA:77,11
DA:78,11
DA:79,11
DA:81,4
DA:82,4
DA:83,0
DA:84,1
DA:93,11
DA:100,26
DA:101,26
DA:102,26
DA:106,26
DA:112,4
DA:113,4
DA:114,4
DA:115,0
DA:116,0
DA:118,4
DA:122,9
DA:123,9
DA:124,9
DA:125,9
DA:126,9
DA:130,4
DA:131,4
DA:132,4
DA:133,4
DA:134,4
DA:135,4
DA:136,4
DA:138,4
DA:139,4
DA:143,4
DA:144,3
DA:145,3
DA:150,2
DA:151,2
DA:152,2
DA:157,1
DA:158,1
DA:163,9
DA:164,3
DA:165,3
DA:166,3
DA:167,3
DA:170,3
DA:172,6
DA:173,6
DA:174,6
DA:175,6
LF:55
LH:52
BRDA:76,0,0,11
BRDA:76,0,1,11
BRDA:77,1,0,11
BRDA:77,1,1,0
BRDA:101,2,0,0
BRDA:101,2,1,26
BRDA:132,3,0,4
BRDA:132,3,1,0
BRDA:143,4,0,3
BRDA:143,4,1,1
BRDA:145,5,0,1
BRDA:145,5,1,2
BRDA:145,6,0,3
BRDA:145,6,1,2
BRDA:150,7,0,2
BRDA:150,7,1,0
BRDA:157,8,0,1
BRDA:157,8,1,0
BRDA:157,9,0,1
BRDA:157,9,1,1
BRDA:163,10,0,3
BRDA:163,10,1,6
BRDA:163,11,0,9
BRDA:163,11,1,9
BRDA:165,12,0,3
BRDA:165,12,1,0
BRF:26
BRH:20
end_of_record
TN:
SF:/Users/sth1pal/Documents/Development/JavaScript/nodejs/ts6/dev/hsLibs/mithril/hsWidget/src/ToggleButton.ts
FN:56,(anonymous_0)
FN:61,(anonymous_1)
FN:68,(anonymous_2)
FN:77,(anonymous_3)
FN:78,(anonymous_4)
FNF:5
FNH:3
FNDA:2,(anonymous_0)
FNDA:2,(anonymous_1)
FNDA:4,(anonymous_2)
FNDA:0,(anonymous_3)
FNDA:0,(anonymous_4)
DA:34,10
DA:35,10
DA:36,10
DA:55,10
DA:57,2
DA:58,2
DA:59,2
DA:62,2
DA:63,2
DA:64,2
DA:67,2
DA:68,2
DA:69,4
DA:70,4
DA:71,4
DA:72,4
DA:75,2
DA:77,2
DA:78,2
DA:80,2
LF:20
LH:20
BRDA:63,0,0,2
BRDA:63,0,1,2
BRDA:64,1,0,2
BRDA:64,1,1,2
BRDA:72,2,0,4
BRDA:72,2,1,0
BRDA:75,3,0,2
BRDA:75,3,1,0
BRF:8
BRH:6
end_of_record
TN:
SF:/Users/sth1pal/Documents/Development/JavaScript/nodejs/ts6/dev/hsLibs/mithril/hsWidget/src/ToolbarButton.ts
FN:112,(anonymous_0)
FN:113,(anonymous_1)
FN:116,(anonymous_2)
FN:125,(anonymous_3)
FNF:4
FNH:3
FNDA:1,(anonymous_0)
FNDA:1,(anonymous_1)
FNDA:1,(anonymous_2)
FNDA:0,(anonymous_3)
DA:76,10
DA:78,10
DA:111,10
DA:112,1
DA:114,1
DA:117,1
DA:118,1
DA:123,0
DA:125,0
LF:9
LH:7
BRDA:112,0,0,0
BRDA:114,1,0,1
BRDA:114,1,1,0
BRDA:117,2,0,1
BRDA:117,2,1,0
BRF:5
BRH:2
end_of_record
TN:
SF:/Users/sth1pal/Documents/Development/JavaScript/nodejs/ts6/dev/hsLibs/mithril/hsWidget/src/TypeAhead.ts
FN:46,emphasize
FN:49,(anonymous_1)
FN:51,(anonymous_2)
FN:68,(anonymous_3)
FN:71,(anonymous_4)
FN:65,(anonymous_5)
FN:78,(anonymous_6)
FN:83,(anonymous_7)
FN:85,(anonymous_8)
FN:86,(anonymous_9)
FN:92,(anonymous_10)
FN:96,(anonymous_11)
FN:101,(anonymous_12)
FN:102,(anonymous_13)
FN:107,(anonymous_14)
FN:131,(anonymous_15)
FNF:16
FNH:0
FNDA:0,emphasize
FNDA:0,(anonymous_1)
FNDA:0,(anonymous_2)
FNDA:0,(anonymous_3)
FNDA:0,(anonymous_4)
FNDA:0,(anonymous_5)
FNDA:0,(anonymous_6)
FNDA:0,(anonymous_7)
FNDA:0,(anonymous_8)
FNDA:0,(anonymous_9)
FNDA:0,(anonymous_10)
FNDA:0,(anonymous_11)
FNDA:0,(anonymous_12)
FNDA:0,(anonymous_13)
FNDA:0,(anonymous_14)
FNDA:0,(anonymous_15)
DA:43,10
DA:47,0
DA:48,0
DA:49,0
DA:52,0
DA:53,0
DA:54,0
DA:55,0
DA:57,0
DA:60,0
DA:64,0
DA:66,0
DA:69,0
DA:70,0
DA:71,0
DA:73,0
DA:78,10
DA:79,0
DA:80,0
DA:81,0
DA:84,0
DA:85,0
DA:86,0
DA:88,0
DA:89,0
DA:90,0
DA:92,0
DA:93,0
DA:94,0
DA:96,0
DA:97,0
DA:98,0
DA:99,0
DA:100,0
DA:101,0
DA:102,0
DA:103,0
DA:104,0
DA:105,0
DA:107,0
DA:108,0
DA:109,0
DA:110,0
DA:111,0
DA:112,0
DA:113,0
DA:114,0
DA:118,0
DA:128,0
DA:132,0
LF:50
LH:2
BRDA:52,0,0,0
BRDA:52,0,1,0
BRDA:54,1,0,0
BRDA:54,1,1,0
BRDA:69,2,0,0
BRDA:69,2,1,0
BRDA:66,3,0,0
BRDA:66,3,1,0
BRDA:90,4,0,0
BRDA:90,4,1,0
BRDA:92,5,0,0
BRDA:92,5,1,0
BRDA:102,6,0,0
BRDA:102,6,1,0
BRDA:109,7,0,0
BRDA:109,7,1,0
BRDA:111,8,0,0
BRDA:111,8,1,0
BRDA:113,9,0,0
BRDA:113,9,1,0
BRDA:118,10,0,0
BRDA:118,10,1,0
BRDA:122,11,0,0
BRDA:122,11,1,0
BRDA:126,12,0,0
BRDA:126,12,1,0
BRDA:130,13,0,0
BRDA:130,13,1,0
BRF:28
BRH:0
end_of_record
TN:
SF:/Users/sth1pal/Documents/Development/JavaScript/nodejs/ts6/dev/hsLibs/mithril/hsWidget/src/index.ts
FNF:0
FNH:0
DA:8,10
DA:9,10
DA:10,10
DA:11,10
DA:12,10
DA:13,10
DA:14,10
DA:15,10
DA:16,10
DA:17,10
DA:18,10
DA:19,10
DA:20,10
LF:13
LH:13
BRF:0
BRH:0
end_of_record
TN:
SF:/Users/sth1pal/Documents/Development/JavaScript/nodejs/ts6/dev/hsLibs/mithril/hsWidget/src/mithril.ts
FNF:0
FNH:0
DA:9,1
LF:1
LH:1
BRF:0
BRH:0
end_of_record
