TN:
SF:/Users/sth1pal/Documents/Development/JavaScript/nodejs/ts6/dev/hsLibs/mithril/hsWidget/src/Button.ts
FN:49,(anonymous_0)
FNF:1
FNH:1
FNDA:2,(anonymous_0)
DA:33,10
DA:48,10
DA:50,2
DA:51,2
DA:52,2
LF:5
LH:5
BRDA:50,0,0,2
BRDA:50,0,1,1
BRF:2
BRH:2
end_of_record
TN:
SF:/Users/sth1pal/Documents/Development/JavaScript/nodejs/ts6/dev/hsLibs/mithril/hsWidget/src/Collapsible.ts
FN:53,(anonymous_0)
FN:57,(anonymous_1)
FN:63,(anonymous_2)
FN:78,(anonymous_3)
FNF:4
FNH:4
FNDA:2,(anonymous_0)
FNDA:1,(anonymous_1)
FNDA:3,(anonymous_2)
FNDA:9,(anonymous_3)
DA:50,10
DA:52,10
DA:54,2
DA:58,1
DA:59,1
DA:64,3
DA:65,3
DA:66,3
DA:67,3
DA:68,3
DA:69,2
DA:71,3
DA:72,3
DA:78,9
LF:14
LH:14
BRDA:68,0,0,2
BRDA:68,0,1,1
BRDA:68,1,0,3
BRDA:68,1,1,2
BRDA:71,2,0,1
BRDA:71,2,1,2
BRDA:74,3,0,2
BRDA:74,3,1,1
BRDA:74,4,0,0
BRDA:74,4,1,1
BRDA:76,5,0,2
BRDA:76,5,1,1
BRDA:76,6,0,0
BRDA:76,6,1,1
BRDA:78,7,0,3
BRDA:78,7,1,0
BRF:16
BRH:13
end_of_record
TN:
SF:/Users/sth1pal/Documents/Development/JavaScript/nodejs/ts6/dev/hsLibs/mithril/hsWidget/src/Label.ts
FN:46,(anonymous_0)
FNF:1
FNH:1
FNDA:2,(anonymous_0)
DA:33,10
DA:45,10
DA:47,2
DA:48,2
DA:49,2
DA:50,2
LF:6
LH:6
BRDA:47,0,0,2
BRDA:47,0,1,1
BRDA:48,1,0,2
BRDA:48,1,1,1
BRDA:49,2,0,2
BRDA:49,2,1,1
BRF:6
BRH:6
end_of_record
TN:
SF:/Users/sth1pal/Documents/Development/JavaScript/nodejs/ts6/dev/hsLibs/mithril/hsWidget/src/Menu.ts
FN:64,(anonymous_0)
FNF:1
FNH:1
FNDA:5,(anonymous_0)
DA:57,11
DA:63,11
DA:64,5
LF:3
LH:3
BRF:0
BRH:0
end_of_record
TN:
SF:/Users/sth1pal/Documents/Development/JavaScript/nodejs/ts6/dev/hsLibs/mithril/hsWidget/src/Modal.ts
FN:41,(anonymous_0)
FN:45,(anonymous_1)
FN:46,(anonymous_2)
FN:50,(anonymous_3)
FNF:4
FNH:4
FNDA:3,(anonymous_0)
FNDA:6,(anonymous_1)
FNDA:2,(anonymous_2)
FNDA:1,(anonymous_3)
DA:37,10
DA:38,10
DA:40,10
DA:42,3
DA:43,3
DA:46,6
DA:47,2
DA:48,2
DA:50,6
DA:51,1
DA:52,1
DA:54,6
DA:55,6
DA:56,6
DA:57,6
DA:58,1
DA:59,6
LF:17
LH:17
BRDA:52,0,0,1
BRDA:52,0,1,0
BRDA:54,1,0,6
BRDA:54,1,1,3
BRDA:55,2,0,6
BRDA:55,2,1,3
BRDA:57,3,0,5
BRDA:57,3,1,1
BRDA:59,4,0,4
BRDA:59,4,1,2
BRDA:61,5,0,1
BRDA:61,5,1,1
BRF:12
BRH:11
end_of_record
TN:
SF:/Users/sth1pal/Documents/Development/JavaScript/nodejs/ts6/dev/hsLibs/mithril/hsWidget/src/OptionsButton.ts
FN:54,(anonymous_0)
FN:57,(anonymous_1)
FN:63,(anonymous_2)
FN:66,(anonymous_3)
FNF:4
FNH:4
FNDA:1,(anonymous_0)
FNDA:5,(anonymous_1)
FNDA:15,(anonymous_2)
FNDA:5,(anonymous_3)
DA:32,10
DA:33,10
DA:34,10
DA:35,10
DA:53,10
DA:55,1
DA:58,5
DA:59,5
DA:61,5
DA:63,15
DA:66,5
LF:11
LH:11
BRDA:58,0,0,5
BRDA:58,0,1,5
BRDA:59,1,0,5
BRDA:59,1,1,5
BRF:4
BRH:4
end_of_record
TN:
SF:/Users/sth1pal/Documents/Development/JavaScript/nodejs/ts6/dev/hsLibs/mithril/hsWidget/src/RadioButton.ts
FN:55,(anonymous_0)
FN:61,(anonymous_1)
FN:64,(anonymous_2)
FN:68,(anonymous_3)
FN:72,(anonymous_4)
FNF:5
FNH:5
FNDA:14,(anonymous_0)
FNDA:44,(anonymous_1)
FNDA:8,(anonymous_2)
FNDA:6,(anonymous_3)
FNDA:9,(anonymous_4)
DA:34,11
DA:35,11
DA:36,11
DA:54,11
DA:56,14
DA:57,14
DA:59,14
DA:61,44
DA:65,8
DA:66,8
DA:69,6
DA:70,6
DA:72,9
LF:13
LH:13
BRDA:56,0,0,14
BRDA:56,0,1,14
BRDA:57,1,0,14
BRDA:57,1,1,14
BRF:4
BRH:4
end_of_record
TN:
SF:/Users/sth1pal/Documents/Development/JavaScript/nodejs/ts6/dev/hsLibs/mithril/hsWidget/src/Selector.ts
FN:69,oneOfItems
FN:70,(anonymous_1)
FN:73,(anonymous_2)
FN:74,(anonymous_3)
FN:81,anyItems
FN:110,(anonymous_5)
FN:112,(anonymous_6)
FN:131,(anonymous_7)
FN:136,(anonymous_8)
FN:141,(anonymous_9)
FN:146,(anonymous_10)
FN:149,(anonymous_11)
FN:158,(anonymous_12)
FN:159,(anonymous_13)
FN:174,(anonymous_14)
FN:175,(anonymous_15)
FN:175,(anonymous_16)
FN:182,(anonymous_17)
FN:207,renderSelectable
FN:208,(anonymous_19)
FN:209,(anonymous_20)
FN:210,(anonymous_21)
FNF:22
FNH:21
FNDA:9,oneOfItems
FNDA:23,(anonymous_1)
FNDA:15,(anonymous_2)
FNDA:23,(anonymous_3)
FNDA:4,anyItems
FNDA:27,(anonymous_5)
FNDA:79,(anonymous_6)
FNDA:12,(anonymous_7)
FNDA:8,(anonymous_8)
FNDA:1,(anonymous_9)
FNDA:11,(anonymous_10)
FNDA:15,(anonymous_11)
FNDA:24,(anonymous_12)
FNDA:54,(anonymous_13)
FNDA:67,(anonymous_14)
FNDA:67,(anonymous_15)
FNDA:13,(anonymous_16)
FNDA:0,(anonymous_17)
FNDA:67,renderSelectable
FNDA:13,(anonymous_19)
FNDA:2,(anonymous_20)
FNDA:2,(anonymous_21)
DA:22,11
DA:69,11
DA:70,9
DA:71,23
DA:73,15
DA:74,23
DA:81,11
DA:82,4
DA:83,4
DA:105,11
DA:111,27
DA:112,27
DA:113,79
DA:117,79
DA:118,79
DA:132,12
DA:136,8
DA:139,12
DA:140,12
DA:141,12
DA:142,12
DA:143,12
DA:147,11
DA:150,15
DA:159,54
DA:160,10
DA:161,1
DA:163,9
DA:175,67
DA:176,13
DA:177,13
DA:178,13
DA:179,13
DA:182,67
DA:183,67
DA:184,67
DA:185,67
DA:188,67
DA:207,11
DA:208,67
DA:209,67
DA:210,67
DA:211,67
LF:43
LH:43
BRDA:73,0,0,0
BRDA:73,0,1,9
BRDA:111,1,0,27
BRDA:111,1,1,1
BRDA:113,2,0,79
BRDA:113,2,1,34
BRDA:131,3,0,11
BRDA:141,4,0,12
BRDA:141,4,1,1
BRDA:159,5,0,10
BRDA:159,5,1,14
BRDA:159,6,0,24
BRDA:159,6,1,11
BRDA:160,7,0,1
BRDA:160,7,1,9
BRDA:178,8,0,13
BRDA:178,8,1,0
BRDA:182,9,0,0
BRDA:182,9,1,67
BRDA:184,10,0,67
BRDA:184,10,1,0
BRDA:185,11,0,67
BRDA:185,11,1,67
BRDA:192,12,0,67
BRDA:192,12,1,0
BRDA:208,13,0,67
BRDA:208,13,1,0
BRDA:209,14,0,32
BRDA:209,14,1,35
BRDA:210,15,0,32
BRDA:210,15,1,35
BRDA:211,16,0,67
BRDA:211,16,1,67
BRDA:211,17,0,27
BRDA:211,17,1,40
BRF:35
BRH:29
end_of_record
TN:
SF:/Users/sth1pal/Documents/Development/JavaScript/nodejs/ts6/dev/hsLibs/mithril/hsWidget/src/Slider.ts
FN:64,(anonymous_0)
FN:71,(anonymous_1)
FN:74,(anonymous_2)
FN:81,(anonymous_3)
FN:82,(anonymous_4)
FN:83,(anonymous_5)
FN:84,(anonymous_6)
FN:92,renderSlider
FN:99,renderMarker
FN:105,renderLabel
FN:111,getTargetOffset
FN:121,getValue
FN:129,mousedown
FN:142,mousemove
FN:149,mouseup
FN:156,mouseout
FN:162,notify
FNF:17
FNH:16
FNDA:3,(anonymous_0)
FNDA:0,(anonymous_1)
FNDA:13,(anonymous_2)
FNDA:4,(anonymous_3)
FNDA:4,(anonymous_4)
FNDA:1,(anonymous_5)
FNDA:1,(anonymous_6)
FNDA:13,renderSlider
FNDA:29,renderMarker
FNDA:29,renderLabel
FNDA:4,getTargetOffset
FNDA:10,getValue
FNDA:4,mousedown
FNDA:4,mousemove
FNDA:3,mouseup
FNDA:1,mouseout
FNDA:10,notify
DA:43,11
DA:63,11
DA:65,3
DA:75,13
DA:76,13
DA:77,13
DA:78,13
DA:79,13
DA:81,4
DA:82,4
DA:83,1
DA:84,1
DA:93,13
DA:100,29
DA:101,29
DA:102,29
DA:106,29
DA:112,4
DA:113,4
DA:114,4
DA:115,0
DA:116,0
DA:118,4
DA:122,10
DA:123,10
DA:124,10
DA:125,10
DA:126,10
DA:130,4
DA:131,4
DA:132,4
DA:133,4
DA:134,4
DA:135,4
DA:136,4
DA:138,4
DA:139,4
DA:143,4
DA:144,3
DA:145,3
DA:150,3
DA:151,3
DA:152,3
DA:157,1
DA:158,1
DA:163,10
DA:164,4
DA:165,4
DA:166,3
DA:167,3
DA:170,4
DA:172,6
DA:173,6
DA:174,6
DA:175,6
LF:55
LH:53
BRDA:76,0,0,13
BRDA:76,0,1,13
BRDA:77,1,0,13
BRDA:77,1,1,1
BRDA:101,2,0,0
BRDA:101,2,1,29
BRDA:132,3,0,4
BRDA:132,3,1,0
BRDA:143,4,0,3
BRDA:143,4,1,1
BRDA:145,5,0,1
BRDA:145,5,1,2
BRDA:145,6,0,3
BRDA:145,6,1,2
BRDA:150,7,0,3
BRDA:150,7,1,0
BRDA:157,8,0,1
BRDA:157,8,1,0
BRDA:157,9,0,1
BRDA:157,9,1,1
BRDA:163,10,0,4
BRDA:163,10,1,6
BRDA:163,11,0,10
BRDA:163,11,1,10
BRDA:165,12,0,3
BRDA:165,12,1,1
BRF:26
BRH:22
end_of_record
TN:
SF:/Users/sth1pal/Documents/Development/JavaScript/nodejs/ts6/dev/hsLibs/mithril/hsWidget/src/ToggleButton.ts
FN:55,(anonymous_0)
FN:58,(anonymous_1)
FN:59,(anonymous_2)
FN:61,(anonymous_3)
FN:62,(anonymous_4)
FN:70,(anonymous_5)
FN:74,(anonymous_6)
FN:77,(anonymous_7)
FNF:8
FNH:8
FNDA:3,(anonymous_0)
FNDA:1,(anonymous_1)
FNDA:1,(anonymous_2)
FNDA:5,(anonymous_3)
FNDA:11,(anonymous_4)
FNDA:5,(anonymous_5)
FNDA:8,(anonymous_6)
FNDA:11,(anonymous_7)
DA:34,10
DA:35,10
DA:54,10
DA:56,3
DA:57,3
DA:58,3
DA:59,3
DA:61,3
DA:62,11
DA:63,5
DA:64,5
DA:65,5
DA:66,5
DA:68,3
DA:71,5
DA:72,5
DA:75,8
DA:76,8
DA:77,11
DA:79,8
LF:20
LH:20
BRDA:75,0,0,8
BRDA:75,0,1,8
BRDA:76,1,0,8
BRDA:76,1,1,8
BRF:4
BRH:4
end_of_record
TN:
SF:/Users/sth1pal/Documents/Development/JavaScript/nodejs/ts6/dev/hsLibs/mithril/hsWidget/src/ToolbarButton.ts
FN:113,(anonymous_0)
FN:116,(anonymous_1)
FN:125,(anonymous_2)
FNF:3
FNH:3
FNDA:4,(anonymous_0)
FNDA:3,(anonymous_1)
FNDA:2,(anonymous_2)
DA:76,10
DA:78,10
DA:111,10
DA:114,4
DA:117,3
DA:118,2
DA:123,1
DA:125,2
LF:8
LH:8
BRDA:114,0,0,4
BRDA:114,0,1,0
BRDA:117,1,0,2
BRDA:117,1,1,1
BRF:4
BRH:3
end_of_record
TN:
SF:/Users/sth1pal/Documents/Development/JavaScript/nodejs/ts6/dev/hsLibs/mithril/hsWidget/src/TypeAhead.ts
FN:46,emphasize
FN:49,(anonymous_1)
FN:51,(anonymous_2)
FN:68,(anonymous_3)
FN:71,(anonymous_4)
FN:65,(anonymous_5)
FN:79,(anonymous_6)
FN:87,(anonymous_7)
FN:89,(anonymous_8)
FN:90,(anonymous_9)
FN:95,(anonymous_10)
FN:99,(anonymous_11)
FN:104,(anonymous_12)
FN:105,(anonymous_13)
FN:110,(anonymous_14)
FN:135,(anonymous_15)
FNF:16
FNH:13
FNDA:1,emphasize
FNDA:1,(anonymous_1)
FNDA:3,(anonymous_2)
FNDA:5,(anonymous_3)
FNDA:0,(anonymous_4)
FNDA:5,(anonymous_5)
FNDA:1,(anonymous_6)
FNDA:5,(anonymous_7)
FNDA:0,(anonymous_8)
FNDA:1,(anonymous_9)
FNDA:0,(anonymous_10)
FNDA:2,(anonymous_11)
FNDA:8,(anonymous_12)
FNDA:1,(anonymous_13)
FNDA:2,(anonymous_14)
FNDA:1,(anonymous_15)
DA:43,10
DA:47,1
DA:48,1
DA:49,1
DA:52,3
DA:53,1
DA:54,2
DA:55,1
DA:57,1
DA:60,1
DA:64,5
DA:66,5
DA:69,5
DA:70,0
DA:71,0
DA:73,5
DA:78,10
DA:80,1
DA:81,1
DA:82,1
DA:83,1
DA:84,1
DA:85,1
DA:88,5
DA:89,5
DA:90,5
DA:91,1
DA:92,1
DA:93,1
DA:95,5
DA:96,0
DA:97,0
DA:99,5
DA:100,2
DA:101,2
DA:102,2
DA:103,2
DA:104,8
DA:105,2
DA:106,2
DA:107,2
DA:108,2
DA:110,5
DA:111,2
DA:112,2
DA:113,1
DA:114,1
DA:115,1
DA:116,1
DA:117,1
DA:121,5
DA:129,5
DA:136,1
LF:53
LH:49
BRDA:52,0,0,1
BRDA:52,0,1,2
BRDA:54,1,0,1
BRDA:54,1,1,1
BRDA:69,2,0,0
BRDA:69,2,1,5
BRDA:66,3,0,0
BRDA:66,3,1,5
BRDA:93,4,0,1
BRDA:93,4,1,0
BRDA:95,5,0,0
BRDA:95,5,1,0
BRDA:105,6,0,2
BRDA:105,6,1,1
BRDA:112,7,0,1
BRDA:112,7,1,1
BRDA:114,8,0,1
BRDA:114,8,1,0
BRDA:116,9,0,1
BRDA:116,9,1,0
BRDA:124,10,0,5
BRDA:124,10,1,5
BRDA:130,11,0,4
BRDA:130,11,1,1
BRDA:132,12,0,4
BRDA:132,12,1,1
BRDA:134,13,0,3
BRDA:134,13,1,2
BRF:28
BRH:21
end_of_record
TN:
SF:/Users/sth1pal/Documents/Development/JavaScript/nodejs/ts6/dev/hsLibs/mithril/hsWidget/src/index.ts
FNF:0
FNH:0
DA:8,10
DA:10,10
DA:11,10
DA:12,10
DA:13,10
DA:14,10
DA:15,10
DA:16,10
DA:17,10
DA:18,10
DA:19,10
DA:20,10
LF:12
LH:12
BRF:0
BRH:0
end_of_record
TN:
SF:/Users/sth1pal/Documents/Development/JavaScript/nodejs/ts6/dev/hsLibs/mithril/hsWidget/src/mithril.ts
FNF:0
FNH:0
DA:9,2
LF:1
LH:1
BRF:0
BRH:0
end_of_record
