TN:
SF:/Users/sth1pal/Documents/Development/JavaScript/nodejs/ts6/dev/hsLibs/mithril/hsWidget/src/Button.ts
FN:49,(anonymous_0)
FNF:1
FNH:1
FNDA:2,(anonymous_0)
DA:33,9
DA:48,9
DA:50,2
DA:51,2
DA:52,2
LF:5
LH:5
BRDA:50,0,0,2
BRDA:50,0,1,1
BRF:2
BRH:2
end_of_record
TN:
SF:/Users/sth1pal/Documents/Development/JavaScript/nodejs/ts6/dev/hsLibs/mithril/hsWidget/src/Collapsible.ts
FN:53,(anonymous_0)
FN:56,(anonymous_1)
FN:61,(anonymous_2)
FN:76,(anonymous_3)
FNF:4
FNH:4
FNDA:2,(anonymous_0)
FNDA:1,(anonymous_1)
FNDA:3,(anonymous_2)
FNDA:9,(anonymous_3)
DA:50,9
DA:52,9
DA:54,2
DA:55,2
DA:56,2
DA:57,1
DA:58,1
DA:62,3
DA:63,3
DA:64,3
DA:65,3
DA:66,3
DA:67,0
DA:69,3
DA:70,3
DA:76,9
LF:16
LH:15
BRDA:66,0,0,0
BRDA:66,0,1,3
BRDA:66,1,0,3
BRDA:66,1,1,0
BRDA:69,2,0,1
BRDA:69,2,1,2
BRDA:72,3,0,2
BRDA:72,3,1,1
BRDA:72,4,0,0
BRDA:72,4,1,1
BRDA:74,5,0,2
BRDA:74,5,1,1
BRDA:74,6,0,0
BRDA:74,6,1,1
BRDA:76,7,0,3
BRDA:76,7,1,0
BRF:16
BRH:11
end_of_record
TN:
SF:/Users/sth1pal/Documents/Development/JavaScript/nodejs/ts6/dev/hsLibs/mithril/hsWidget/src/Label.ts
FN:46,(anonymous_0)
FNF:1
FNH:1
FNDA:2,(anonymous_0)
DA:33,10
DA:45,10
DA:47,2
DA:48,2
DA:49,2
DA:50,2
LF:6
LH:6
BRDA:47,0,0,2
BRDA:47,0,1,1
BRDA:48,1,0,2
BRDA:48,1,1,1
BRDA:49,2,0,2
BRDA:49,2,1,1
BRF:6
BRH:6
end_of_record
TN:
SF:/Users/sth1pal/Documents/Development/JavaScript/nodejs/ts6/dev/hsLibs/mithril/hsWidget/src/Menu.ts
FN:64,(anonymous_0)
FNF:1
FNH:1
FNDA:1,(anonymous_0)
DA:57,10
DA:63,10
DA:64,1
LF:3
LH:3
BRF:0
BRH:0
end_of_record
TN:
SF:/Users/sth1pal/Documents/Development/JavaScript/nodejs/ts6/dev/hsLibs/mithril/hsWidget/src/Modal.ts
FN:41,(anonymous_0)
FN:45,(anonymous_1)
FN:46,(anonymous_2)
FN:50,(anonymous_3)
FNF:4
FNH:4
FNDA:3,(anonymous_0)
FNDA:6,(anonymous_1)
FNDA:2,(anonymous_2)
FNDA:1,(anonymous_3)
DA:37,9
DA:38,9
DA:40,9
DA:42,3
DA:43,3
DA:46,6
DA:47,2
DA:48,2
DA:50,6
DA:51,1
DA:52,1
DA:54,6
DA:55,6
DA:56,6
DA:57,6
DA:58,1
DA:59,6
LF:17
LH:17
BRDA:52,0,0,1
BRDA:52,0,1,0
BRDA:54,1,0,6
BRDA:54,1,1,3
BRDA:55,2,0,6
BRDA:55,2,1,3
BRDA:57,3,0,5
BRDA:57,3,1,1
BRDA:59,4,0,4
BRDA:59,4,1,2
BRDA:61,5,0,1
BRDA:61,5,1,1
BRF:12
BRH:11
end_of_record
TN:
SF:/Users/sth1pal/Documents/Development/JavaScript/nodejs/ts6/dev/hsLibs/mithril/hsWidget/src/OptionsButton.ts
FN:54,(anonymous_0)
FN:57,(anonymous_1)
FN:63,(anonymous_2)
FN:66,(anonymous_3)
FNF:4
FNH:4
FNDA:1,(anonymous_0)
FNDA:5,(anonymous_1)
FNDA:15,(anonymous_2)
FNDA:5,(anonymous_3)
DA:32,9
DA:33,9
DA:34,9
DA:35,9
DA:53,9
DA:55,1
DA:58,5
DA:59,5
DA:61,5
DA:63,15
DA:66,5
LF:11
LH:11
BRDA:58,0,0,5
BRDA:58,0,1,5
BRDA:59,1,0,5
BRDA:59,1,1,5
BRF:4
BRH:4
end_of_record
TN:
SF:/Users/sth1pal/Documents/Development/JavaScript/nodejs/ts6/dev/hsLibs/mithril/hsWidget/src/RadioButton.ts
FN:55,(anonymous_0)
FN:61,(anonymous_1)
FN:64,(anonymous_2)
FN:68,(anonymous_3)
FN:72,(anonymous_4)
FNF:5
FNH:5
FNDA:10,(anonymous_0)
FNDA:28,(anonymous_1)
FNDA:4,(anonymous_2)
FNDA:6,(anonymous_3)
FNDA:9,(anonymous_4)
DA:34,10
DA:35,10
DA:36,10
DA:54,10
DA:56,10
DA:57,10
DA:59,10
DA:61,28
DA:65,4
DA:66,4
DA:69,6
DA:70,6
DA:72,9
LF:13
LH:13
BRDA:56,0,0,10
BRDA:56,0,1,10
BRDA:57,1,0,10
BRDA:57,1,1,10
BRF:4
BRH:4
end_of_record
TN:
SF:/Users/sth1pal/Documents/Development/JavaScript/nodejs/ts6/dev/hsLibs/mithril/hsWidget/src/Selector.ts
FN:69,oneOfItems
FN:70,(anonymous_1)
FN:73,(anonymous_2)
FN:74,(anonymous_3)
FN:81,anyItems
FN:110,(anonymous_5)
FN:112,(anonymous_6)
FN:131,(anonymous_7)
FN:135,(anonymous_8)
FN:139,(anonymous_9)
FN:144,(anonymous_10)
FN:147,(anonymous_11)
FN:156,(anonymous_12)
FN:157,(anonymous_13)
FN:172,(anonymous_14)
FN:173,(anonymous_15)
FN:173,(anonymous_16)
FN:180,(anonymous_17)
FN:205,renderSelectable
FN:206,(anonymous_19)
FN:207,(anonymous_20)
FN:208,(anonymous_21)
FNF:22
FNH:21
FNDA:9,oneOfItems
FNDA:23,(anonymous_1)
FNDA:15,(anonymous_2)
FNDA:23,(anonymous_3)
FNDA:4,anyItems
FNDA:23,(anonymous_5)
FNDA:63,(anonymous_6)
FNDA:8,(anonymous_7)
FNDA:8,(anonymous_8)
FNDA:1,(anonymous_9)
FNDA:7,(anonymous_10)
FNDA:15,(anonymous_11)
FNDA:20,(anonymous_12)
FNDA:38,(anonymous_13)
FNDA:51,(anonymous_14)
FNDA:51,(anonymous_15)
FNDA:13,(anonymous_16)
FNDA:0,(anonymous_17)
FNDA:51,renderSelectable
FNDA:13,(anonymous_19)
FNDA:2,(anonymous_20)
FNDA:2,(anonymous_21)
DA:22,10
DA:69,10
DA:70,9
DA:71,23
DA:73,15
DA:74,23
DA:81,10
DA:82,4
DA:83,4
DA:105,10
DA:111,23
DA:112,23
DA:113,63
DA:117,63
DA:118,63
DA:132,8
DA:133,8
DA:134,8
DA:135,8
DA:136,8
DA:137,8
DA:138,8
DA:139,8
DA:140,8
DA:141,8
DA:145,7
DA:148,15
DA:157,38
DA:158,6
DA:159,1
DA:160,5
DA:161,5
DA:173,51
DA:174,13
DA:175,13
DA:176,13
DA:177,13
DA:180,51
DA:181,51
DA:182,51
DA:183,51
DA:186,51
DA:205,10
DA:206,51
DA:207,51
DA:208,51
DA:209,51
LF:47
LH:47
BRDA:73,0,0,0
BRDA:73,0,1,9
BRDA:111,1,0,23
BRDA:111,1,1,1
BRDA:113,2,0,63
BRDA:113,2,1,18
BRDA:131,3,0,7
BRDA:139,4,0,8
BRDA:139,4,1,1
BRDA:157,5,0,6
BRDA:157,5,1,14
BRDA:157,6,0,20
BRDA:157,6,1,7
BRDA:158,7,0,1
BRDA:158,7,1,5
BRDA:158,8,0,6
BRDA:158,8,1,1
BRDA:160,9,0,5
BRDA:160,9,1,0
BRDA:176,10,0,13
BRDA:176,10,1,0
BRDA:180,11,0,0
BRDA:180,11,1,51
BRDA:182,12,0,51
BRDA:182,12,1,0
BRDA:183,13,0,51
BRDA:183,13,1,51
BRDA:190,14,0,51
BRDA:190,14,1,0
BRDA:206,15,0,51
BRDA:206,15,1,0
BRDA:207,16,0,32
BRDA:207,16,1,19
BRDA:208,17,0,32
BRDA:208,17,1,19
BRDA:209,18,0,51
BRDA:209,18,1,51
BRDA:209,19,0,23
BRDA:209,19,1,28
BRF:39
BRH:32
end_of_record
TN:
SF:/Users/sth1pal/Documents/Development/JavaScript/nodejs/ts6/dev/hsLibs/mithril/hsWidget/src/Slider.ts
FN:64,(anonymous_0)
FN:70,(anonymous_1)
FN:72,(anonymous_2)
FN:79,(anonymous_3)
FN:80,(anonymous_4)
FN:81,(anonymous_5)
FN:82,(anonymous_6)
FN:90,renderSlider
FN:97,renderMarker
FN:103,renderLabel
FN:109,getTargetOffset
FN:119,getValue
FN:127,mousedown
FN:140,mousemove
FN:147,mouseup
FN:154,mouseout
FN:160,notify
FNF:17
FNH:16
FNDA:3,(anonymous_0)
FNDA:0,(anonymous_1)
FNDA:13,(anonymous_2)
FNDA:4,(anonymous_3)
FNDA:4,(anonymous_4)
FNDA:1,(anonymous_5)
FNDA:1,(anonymous_6)
FNDA:13,renderSlider
FNDA:29,renderMarker
FNDA:29,renderLabel
FNDA:4,getTargetOffset
FNDA:10,getValue
FNDA:4,mousedown
FNDA:4,mousemove
FNDA:3,mouseup
FNDA:1,mouseout
FNDA:10,notify
DA:43,10
DA:63,10
DA:65,3
DA:66,3
DA:67,3
DA:68,3
DA:69,3
DA:70,3
DA:73,13
DA:74,13
DA:75,13
DA:76,13
DA:77,13
DA:79,4
DA:80,4
DA:81,1
DA:82,1
DA:91,13
DA:98,29
DA:99,29
DA:100,29
DA:104,29
DA:110,4
DA:111,4
DA:112,4
DA:113,0
DA:114,0
DA:116,4
DA:120,10
DA:121,10
DA:122,10
DA:123,10
DA:124,10
DA:128,4
DA:129,4
DA:130,4
DA:131,4
DA:132,4
DA:133,4
DA:134,4
DA:136,4
DA:137,4
DA:141,4
DA:142,3
DA:143,3
DA:148,3
DA:149,3
DA:150,3
DA:155,1
DA:156,1
DA:161,10
DA:162,4
DA:163,4
DA:164,3
DA:165,3
DA:168,4
DA:170,6
DA:171,6
DA:172,6
DA:173,6
LF:60
LH:58
BRDA:74,0,0,13
BRDA:74,0,1,13
BRDA:75,1,0,13
BRDA:75,1,1,1
BRDA:99,2,0,0
BRDA:99,2,1,29
BRDA:130,3,0,4
BRDA:130,3,1,0
BRDA:141,4,0,3
BRDA:141,4,1,1
BRDA:143,5,0,1
BRDA:143,5,1,2
BRDA:143,6,0,3
BRDA:143,6,1,2
BRDA:148,7,0,3
BRDA:148,7,1,0
BRDA:155,8,0,1
BRDA:155,8,1,0
BRDA:155,9,0,1
BRDA:155,9,1,1
BRDA:161,10,0,4
BRDA:161,10,1,6
BRDA:161,11,0,10
BRDA:161,11,1,10
BRDA:163,12,0,3
BRDA:163,12,1,1
BRF:26
BRH:22
end_of_record
TN:
SF:/Users/sth1pal/Documents/Development/JavaScript/nodejs/ts6/dev/hsLibs/mithril/hsWidget/src/ToggleButton.ts
FN:55,(anonymous_0)
FN:58,(anonymous_1)
FN:59,(anonymous_2)
FN:61,(anonymous_3)
FN:62,(anonymous_4)
FN:70,(anonymous_5)
FN:74,(anonymous_6)
FN:77,(anonymous_7)
FNF:8
FNH:8
FNDA:3,(anonymous_0)
FNDA:1,(anonymous_1)
FNDA:1,(anonymous_2)
FNDA:5,(anonymous_3)
FNDA:11,(anonymous_4)
FNDA:5,(anonymous_5)
FNDA:8,(anonymous_6)
FNDA:11,(anonymous_7)
DA:34,9
DA:35,9
DA:54,9
DA:56,3
DA:57,3
DA:58,3
DA:59,3
DA:61,3
DA:62,11
DA:63,5
DA:64,5
DA:65,5
DA:66,5
DA:68,3
DA:71,5
DA:72,5
DA:75,8
DA:76,8
DA:77,11
DA:79,8
LF:20
LH:20
BRDA:75,0,0,8
BRDA:75,0,1,8
BRDA:76,1,0,8
BRDA:76,1,1,8
BRF:4
BRH:4
end_of_record
TN:
SF:/Users/sth1pal/Documents/Development/JavaScript/nodejs/ts6/dev/hsLibs/mithril/hsWidget/src/ToolbarButton.ts
FN:113,(anonymous_0)
FN:116,(anonymous_1)
FN:125,(anonymous_2)
FNF:3
FNH:3
FNDA:4,(anonymous_0)
FNDA:3,(anonymous_1)
FNDA:2,(anonymous_2)
DA:76,9
DA:78,9
DA:111,9
DA:114,4
DA:117,3
DA:118,2
DA:123,1
DA:125,2
LF:8
LH:8
BRDA:114,0,0,4
BRDA:114,0,1,0
BRDA:117,1,0,2
BRDA:117,1,1,1
BRF:4
BRH:3
end_of_record
TN:
SF:/Users/sth1pal/Documents/Development/JavaScript/nodejs/ts6/dev/hsLibs/mithril/hsWidget/src/TypeAhead.ts
FN:46,emphasize
FN:49,(anonymous_1)
FN:51,(anonymous_2)
FN:68,(anonymous_3)
FN:71,(anonymous_4)
FN:65,(anonymous_5)
FN:79,(anonymous_6)
FN:87,(anonymous_7)
FN:89,(anonymous_8)
FN:90,(anonymous_9)
FN:95,(anonymous_10)
FN:99,(anonymous_11)
FN:104,(anonymous_12)
FN:105,(anonymous_13)
FN:110,(anonymous_14)
FN:135,(anonymous_15)
FNF:16
FNH:13
FNDA:1,emphasize
FNDA:1,(anonymous_1)
FNDA:3,(anonymous_2)
FNDA:5,(anonymous_3)
FNDA:0,(anonymous_4)
FNDA:5,(anonymous_5)
FNDA:1,(anonymous_6)
FNDA:5,(anonymous_7)
FNDA:0,(anonymous_8)
FNDA:1,(anonymous_9)
FNDA:0,(anonymous_10)
FNDA:2,(anonymous_11)
FNDA:8,(anonymous_12)
FNDA:1,(anonymous_13)
FNDA:2,(anonymous_14)
FNDA:1,(anonymous_15)
DA:43,9
DA:47,1
DA:48,1
DA:49,1
DA:52,3
DA:53,1
DA:54,2
DA:55,1
DA:57,1
DA:60,1
DA:64,5
DA:66,5
DA:69,5
DA:70,0
DA:71,0
DA:73,5
DA:78,9
DA:80,1
DA:81,1
DA:82,1
DA:83,1
DA:84,1
DA:85,1
DA:88,5
DA:89,5
DA:90,5
DA:91,1
DA:92,1
DA:93,1
DA:95,5
DA:96,0
DA:97,0
DA:99,5
DA:100,2
DA:101,2
DA:102,2
DA:103,2
DA:104,8
DA:105,2
DA:106,2
DA:107,2
DA:108,2
DA:110,5
DA:111,2
DA:112,2
DA:113,1
DA:114,1
DA:115,1
DA:116,1
DA:117,1
DA:121,5
DA:129,5
DA:136,1
LF:53
LH:49
BRDA:52,0,0,1
BRDA:52,0,1,2
BRDA:54,1,0,1
BRDA:54,1,1,1
BRDA:69,2,0,0
BRDA:69,2,1,5
BRDA:66,3,0,0
BRDA:66,3,1,5
BRDA:93,4,0,1
BRDA:93,4,1,0
BRDA:95,5,0,0
BRDA:95,5,1,0
BRDA:105,6,0,2
BRDA:105,6,1,1
BRDA:112,7,0,1
BRDA:112,7,1,1
BRDA:114,8,0,1
BRDA:114,8,1,0
BRDA:116,9,0,1
BRDA:116,9,1,0
BRDA:124,10,0,5
BRDA:124,10,1,5
BRDA:130,11,0,4
BRDA:130,11,1,1
BRDA:132,12,0,4
BRDA:132,12,1,1
BRDA:134,13,0,3
BRDA:134,13,1,2
BRF:28
BRH:21
end_of_record
TN:
SF:/Users/sth1pal/Documents/Development/JavaScript/nodejs/ts6/dev/hsLibs/mithril/hsWidget/src/index.ts
FNF:0
FNH:0
DA:8,9
DA:10,9
DA:11,9
DA:12,9
DA:13,9
DA:14,9
DA:15,9
DA:16,9
DA:17,9
DA:18,9
DA:19,9
DA:20,9
LF:12
LH:12
BRF:0
BRH:0
end_of_record
